[0.416s] Invoking command in '/home/mi/rokey_ws/src/gazebo_nav': PYTHONPATH=/home/mi/rokey_ws/build/gazebo_nav/prefix_override:/usr/lib/python3/dist-packages/colcon_core/task/python/colcon_distutils_commands:/home/mi/rokey_ws/install/gazebo_nav/lib/python3.10/site-packages:${PYTHONPATH} /usr/bin/python3 -W ignore:setup.py install is deprecated -W ignore:easy_install command is deprecated setup.py egg_info --egg-base ../../build/gazebo_nav build --build-base /home/mi/rokey_ws/build/gazebo_nav/build install --record /home/mi/rokey_ws/build/gazebo_nav/install.log --single-version-externally-managed install_data
[0.596s] running egg_info
[0.597s] writing ../../build/gazebo_nav/gazebo_nav.egg-info/PKG-INFO
[0.597s] writing dependency_links to ../../build/gazebo_nav/gazebo_nav.egg-info/dependency_links.txt
[0.597s] writing entry points to ../../build/gazebo_nav/gazebo_nav.egg-info/entry_points.txt
[0.597s] writing requirements to ../../build/gazebo_nav/gazebo_nav.egg-info/requires.txt
[0.598s] writing top-level names to ../../build/gazebo_nav/gazebo_nav.egg-info/top_level.txt
[0.599s] reading manifest file '../../build/gazebo_nav/gazebo_nav.egg-info/SOURCES.txt'
[0.599s] adding license file 'LICENSE'
[0.600s] writing manifest file '../../build/gazebo_nav/gazebo_nav.egg-info/SOURCES.txt'
[0.600s] running build
[0.600s] running build_py
[0.600s] copying gazebo_nav/current_pose_checker.py -> /home/mi/rokey_ws/build/gazebo_nav/build/lib/gazebo_nav
[0.600s] copying gazebo_nav/obj_goal_pose_publisher.py -> /home/mi/rokey_ws/build/gazebo_nav/build/lib/gazebo_nav
[0.600s] running install
[0.601s] running install_lib
[0.601s] copying /home/mi/rokey_ws/build/gazebo_nav/build/lib/gazebo_nav/current_pose_checker.py -> /home/mi/rokey_ws/install/gazebo_nav/lib/python3.10/site-packages/gazebo_nav
[0.602s] copying /home/mi/rokey_ws/build/gazebo_nav/build/lib/gazebo_nav/obj_goal_pose_publisher.py -> /home/mi/rokey_ws/install/gazebo_nav/lib/python3.10/site-packages/gazebo_nav
[0.602s] byte-compiling /home/mi/rokey_ws/install/gazebo_nav/lib/python3.10/site-packages/gazebo_nav/current_pose_checker.py to current_pose_checker.cpython-310.pyc
[0.603s] byte-compiling /home/mi/rokey_ws/install/gazebo_nav/lib/python3.10/site-packages/gazebo_nav/obj_goal_pose_publisher.py to obj_goal_pose_publisher.cpython-310.pyc
[0.604s] running install_data
[0.604s] running install_egg_info
[0.606s] removing '/home/mi/rokey_ws/install/gazebo_nav/lib/python3.10/site-packages/gazebo_nav-0.0.0-py3.10.egg-info' (and everything under it)
[0.606s] Copying ../../build/gazebo_nav/gazebo_nav.egg-info to /home/mi/rokey_ws/install/gazebo_nav/lib/python3.10/site-packages/gazebo_nav-0.0.0-py3.10.egg-info
[0.606s] running install_scripts
[0.625s] Installing current_pose script to /home/mi/rokey_ws/install/gazebo_nav/lib/gazebo_nav
[0.625s] Installing follow_waypoints script to /home/mi/rokey_ws/install/gazebo_nav/lib/gazebo_nav
[0.625s] Installing goal_pub script to /home/mi/rokey_ws/install/gazebo_nav/lib/gazebo_nav
[0.626s] Installing goal_sub script to /home/mi/rokey_ws/install/gazebo_nav/lib/gazebo_nav
[0.626s] Installing nav_through_poses script to /home/mi/rokey_ws/install/gazebo_nav/lib/gazebo_nav
[0.626s] Installing nav_to_pose script to /home/mi/rokey_ws/install/gazebo_nav/lib/gazebo_nav
[0.626s] writing list of installed files to '/home/mi/rokey_ws/build/gazebo_nav/install.log'
[0.652s] Invoked command in '/home/mi/rokey_ws/src/gazebo_nav' returned '0': PYTHONPATH=/home/mi/rokey_ws/build/gazebo_nav/prefix_override:/usr/lib/python3/dist-packages/colcon_core/task/python/colcon_distutils_commands:/home/mi/rokey_ws/install/gazebo_nav/lib/python3.10/site-packages:${PYTHONPATH} /usr/bin/python3 -W ignore:setup.py install is deprecated -W ignore:easy_install command is deprecated setup.py egg_info --egg-base ../../build/gazebo_nav build --build-base /home/mi/rokey_ws/build/gazebo_nav/build install --record /home/mi/rokey_ws/build/gazebo_nav/install.log --single-version-externally-managed install_data
