/home/mi/rokey_ws/install/rokey_pjt/lib/python3.10/site-packages/rokey_pjt/9.multiexecutor_thread_test.py
/home/mi/rokey_ws/install/rokey_pjt/lib/python3.10/site-packages/rokey_pjt/7_obj_goal_pose_publisher.py
/home/mi/rokey_ws/install/rokey_pjt/lib/python3.10/site-packages/rokey_pjt/1_2_tb4_cont_capture_image.py
/home/mi/rokey_ws/install/rokey_pjt/lib/python3.10/site-packages/rokey_pjt/6_follow_waypoints.py
/home/mi/rokey_ws/install/rokey_pjt/lib/python3.10/site-packages/rokey_pjt/1_3_tb4_yolov8_obj_det.py
/home/mi/rokey_ws/install/rokey_pjt/lib/python3.10/site-packages/rokey_pjt/7_obj_goal_pose_publisher_subthread.py
/home/mi/rokey_ws/install/rokey_pjt/lib/python3.10/site-packages/rokey_pjt/5_tb4_yolo_depth_object_xyz.py
/home/mi/rokey_ws/install/rokey_pjt/lib/python3.10/site-packages/rokey_pjt/7_obj_goal_pose_publisher_multithread.py
/home/mi/rokey_ws/install/rokey_pjt/lib/python3.10/site-packages/rokey_pjt/3_tb4_yolo_bbox_depth_checker_opt.py
/home/mi/rokey_ws/install/rokey_pjt/lib/python3.10/site-packages/rokey_pjt/9.multiexecutor_thread_test2.py
/home/mi/rokey_ws/install/rokey_pjt/lib/python3.10/site-packages/rokey_pjt/5_tb4_yolo_depth_object_xyz_marker.py
/home/mi/rokey_ws/install/rokey_pjt/lib/python3.10/site-packages/rokey_pjt/6_nav_through_poses_sc.py
/home/mi/rokey_ws/install/rokey_pjt/lib/python3.10/site-packages/rokey_pjt/1_5_tb4_yolov8_obj_det_track.py
/home/mi/rokey_ws/install/rokey_pjt/lib/python3.10/site-packages/rokey_pjt/6_nav_to_pose.py
/home/mi/rokey_ws/install/rokey_pjt/lib/python3.10/site-packages/rokey_pjt/6_nav_to_pose_sc.py
/home/mi/rokey_ws/install/rokey_pjt/lib/python3.10/site-packages/rokey_pjt/6_nav_through_poses.py
/home/mi/rokey_ws/install/rokey_pjt/lib/python3.10/site-packages/rokey_pjt/2_1_tb4_depth_checker.py
/home/mi/rokey_ws/install/rokey_pjt/lib/python3.10/site-packages/rokey_pjt/1_0_tb4_crop_image.py
/home/mi/rokey_ws/install/rokey_pjt/lib/python3.10/site-packages/rokey_pjt/4_tb4_tf_transform.py
/home/mi/rokey_ws/install/rokey_pjt/lib/python3.10/site-packages/rokey_pjt/1_4_tb4_yolov8_obj_det_thread.py
/home/mi/rokey_ws/install/rokey_pjt/lib/python3.10/site-packages/rokey_pjt/7_obj_goal_pose_subscriber.py
/home/mi/rokey_ws/install/rokey_pjt/lib/python3.10/site-packages/rokey_pjt/3_tb4_yolo_bbox_depth_checker.py
/home/mi/rokey_ws/install/rokey_pjt/lib/python3.10/site-packages/rokey_pjt/1_1_tb4_capture_image.py
/home/mi/rokey_ws/install/rokey_pjt/lib/python3.10/site-packages/rokey_pjt/6_follow_waypoints_sc.py
/home/mi/rokey_ws/install/rokey_pjt/lib/python3.10/site-packages/rokey_pjt/__init__.py
/home/mi/rokey_ws/install/rokey_pjt/lib/python3.10/site-packages/rokey_pjt/__pycache__/9.multiexecutor_thread_test.cpython-310.pyc
/home/mi/rokey_ws/install/rokey_pjt/lib/python3.10/site-packages/rokey_pjt/__pycache__/7_obj_goal_pose_publisher.cpython-310.pyc
/home/mi/rokey_ws/install/rokey_pjt/lib/python3.10/site-packages/rokey_pjt/__pycache__/1_2_tb4_cont_capture_image.cpython-310.pyc
/home/mi/rokey_ws/install/rokey_pjt/lib/python3.10/site-packages/rokey_pjt/__pycache__/6_follow_waypoints.cpython-310.pyc
/home/mi/rokey_ws/install/rokey_pjt/lib/python3.10/site-packages/rokey_pjt/__pycache__/1_3_tb4_yolov8_obj_det.cpython-310.pyc
/home/mi/rokey_ws/install/rokey_pjt/lib/python3.10/site-packages/rokey_pjt/__pycache__/7_obj_goal_pose_publisher_subthread.cpython-310.pyc
/home/mi/rokey_ws/install/rokey_pjt/lib/python3.10/site-packages/rokey_pjt/__pycache__/5_tb4_yolo_depth_object_xyz.cpython-310.pyc
/home/mi/rokey_ws/install/rokey_pjt/lib/python3.10/site-packages/rokey_pjt/__pycache__/7_obj_goal_pose_publisher_multithread.cpython-310.pyc
/home/mi/rokey_ws/install/rokey_pjt/lib/python3.10/site-packages/rokey_pjt/__pycache__/3_tb4_yolo_bbox_depth_checker_opt.cpython-310.pyc
/home/mi/rokey_ws/install/rokey_pjt/lib/python3.10/site-packages/rokey_pjt/__pycache__/9.multiexecutor_thread_test2.cpython-310.pyc
/home/mi/rokey_ws/install/rokey_pjt/lib/python3.10/site-packages/rokey_pjt/__pycache__/5_tb4_yolo_depth_object_xyz_marker.cpython-310.pyc
/home/mi/rokey_ws/install/rokey_pjt/lib/python3.10/site-packages/rokey_pjt/__pycache__/6_nav_through_poses_sc.cpython-310.pyc
/home/mi/rokey_ws/install/rokey_pjt/lib/python3.10/site-packages/rokey_pjt/__pycache__/1_5_tb4_yolov8_obj_det_track.cpython-310.pyc
/home/mi/rokey_ws/install/rokey_pjt/lib/python3.10/site-packages/rokey_pjt/__pycache__/6_nav_to_pose.cpython-310.pyc
/home/mi/rokey_ws/install/rokey_pjt/lib/python3.10/site-packages/rokey_pjt/__pycache__/6_nav_to_pose_sc.cpython-310.pyc
/home/mi/rokey_ws/install/rokey_pjt/lib/python3.10/site-packages/rokey_pjt/__pycache__/6_nav_through_poses.cpython-310.pyc
/home/mi/rokey_ws/install/rokey_pjt/lib/python3.10/site-packages/rokey_pjt/__pycache__/2_1_tb4_depth_checker.cpython-310.pyc
/home/mi/rokey_ws/install/rokey_pjt/lib/python3.10/site-packages/rokey_pjt/__pycache__/1_0_tb4_crop_image.cpython-310.pyc
/home/mi/rokey_ws/install/rokey_pjt/lib/python3.10/site-packages/rokey_pjt/__pycache__/4_tb4_tf_transform.cpython-310.pyc
/home/mi/rokey_ws/install/rokey_pjt/lib/python3.10/site-packages/rokey_pjt/__pycache__/1_4_tb4_yolov8_obj_det_thread.cpython-310.pyc
/home/mi/rokey_ws/install/rokey_pjt/lib/python3.10/site-packages/rokey_pjt/__pycache__/7_obj_goal_pose_subscriber.cpython-310.pyc
/home/mi/rokey_ws/install/rokey_pjt/lib/python3.10/site-packages/rokey_pjt/__pycache__/3_tb4_yolo_bbox_depth_checker.cpython-310.pyc
/home/mi/rokey_ws/install/rokey_pjt/lib/python3.10/site-packages/rokey_pjt/__pycache__/1_1_tb4_capture_image.cpython-310.pyc
/home/mi/rokey_ws/install/rokey_pjt/lib/python3.10/site-packages/rokey_pjt/__pycache__/6_follow_waypoints_sc.cpython-310.pyc
/home/mi/rokey_ws/install/rokey_pjt/lib/python3.10/site-packages/rokey_pjt/__pycache__/__init__.cpython-310.pyc
/home/mi/rokey_ws/install/rokey_pjt/share/ament_index/resource_index/packages/rokey_pjt
/home/mi/rokey_ws/install/rokey_pjt/share/rokey_pjt/package.xml
/home/mi/rokey_ws/install/rokey_pjt/lib/python3.10/site-packages/rokey_pjt-0.0.0-py3.10.egg-info/PKG-INFO
/home/mi/rokey_ws/install/rokey_pjt/lib/python3.10/site-packages/rokey_pjt-0.0.0-py3.10.egg-info/SOURCES.txt
/home/mi/rokey_ws/install/rokey_pjt/lib/python3.10/site-packages/rokey_pjt-0.0.0-py3.10.egg-info/dependency_links.txt
/home/mi/rokey_ws/install/rokey_pjt/lib/python3.10/site-packages/rokey_pjt-0.0.0-py3.10.egg-info/entry_points.txt
/home/mi/rokey_ws/install/rokey_pjt/lib/python3.10/site-packages/rokey_pjt-0.0.0-py3.10.egg-info/requires.txt
/home/mi/rokey_ws/install/rokey_pjt/lib/python3.10/site-packages/rokey_pjt-0.0.0-py3.10.egg-info/zip-safe
/home/mi/rokey_ws/install/rokey_pjt/lib/python3.10/site-packages/rokey_pjt-0.0.0-py3.10.egg-info/top_level.txt
/home/mi/rokey_ws/install/rokey_pjt/lib/rokey_pjt/capture_image
/home/mi/rokey_ws/install/rokey_pjt/lib/rokey_pjt/cont_cap_image
/home/mi/rokey_ws/install/rokey_pjt/lib/rokey_pjt/crop_image
/home/mi/rokey_ws/install/rokey_pjt/lib/rokey_pjt/depth_check
/home/mi/rokey_ws/install/rokey_pjt/lib/rokey_pjt/det_obj
/home/mi/rokey_ws/install/rokey_pjt/lib/rokey_pjt/det_obj_thread
/home/mi/rokey_ws/install/rokey_pjt/lib/rokey_pjt/det_obj_track
/home/mi/rokey_ws/install/rokey_pjt/lib/rokey_pjt/follow_waypoints
/home/mi/rokey_ws/install/rokey_pjt/lib/rokey_pjt/follow_waypoints_sc
/home/mi/rokey_ws/install/rokey_pjt/lib/rokey_pjt/goal_pub
/home/mi/rokey_ws/install/rokey_pjt/lib/rokey_pjt/goal_sub
/home/mi/rokey_ws/install/rokey_pjt/lib/rokey_pjt/nav_through_poses
/home/mi/rokey_ws/install/rokey_pjt/lib/rokey_pjt/nav_through_poses_sc
/home/mi/rokey_ws/install/rokey_pjt/lib/rokey_pjt/nav_to_pose
/home/mi/rokey_ws/install/rokey_pjt/lib/rokey_pjt/nav_to_pose_sc
/home/mi/rokey_ws/install/rokey_pjt/lib/rokey_pjt/object_xyz
/home/mi/rokey_ws/install/rokey_pjt/lib/rokey_pjt/object_xyz_marker
/home/mi/rokey_ws/install/rokey_pjt/lib/rokey_pjt/tf_trans
/home/mi/rokey_ws/install/rokey_pjt/lib/rokey_pjt/yolo_depth_checker
