running egg_info
writing ../../build/day4/day4.egg-info/PKG-INFO
writing dependency_links to ../../build/day4/day4.egg-info/dependency_links.txt
writing entry points to ../../build/day4/day4.egg-info/entry_points.txt
writing requirements to ../../build/day4/day4.egg-info/requires.txt
writing top-level names to ../../build/day4/day4.egg-info/top_level.txt
reading manifest file '../../build/day4/day4.egg-info/SOURCES.txt'
writing manifest file '../../build/day4/day4.egg-info/SOURCES.txt'
running build
running build_py
running install
running install_lib
running install_data
running install_egg_info
removing '/home/mi/rokey_ws/install/day4/lib/python3.10/site-packages/day4-0.0.0-py3.10.egg-info' (and everything under it)
Copying ../../build/day4/day4.egg-info to /home/mi/rokey_ws/install/day4/lib/python3.10/site-packages/day4-0.0.0-py3.10.egg-info
running install_scripts
Installing depth_checker script to /home/mi/rokey_ws/install/day4/lib/day4
Installing depth_to_3d script to /home/mi/rokey_ws/install/day4/lib/day4
Installing depth_to_goal script to /home/mi/rokey_ws/install/day4/lib/day4
Installing nav_to_person script to /home/mi/rokey_ws/install/day4/lib/day4
writing list of installed files to '/home/mi/rokey_ws/build/day4/install.log'
