[0.599s] Invoking command in '/home/mi/rokey_ws/src/day4': PYTHONPATH=/home/mi/rokey_ws/build/day4/prefix_override:/usr/lib/python3/dist-packages/colcon_core/task/python/colcon_distutils_commands:/home/mi/rokey_ws/install/day4/lib/python3.10/site-packages:${PYTHONPATH} /usr/bin/python3 -W ignore:setup.py install is deprecated -W ignore:easy_install command is deprecated setup.py egg_info --egg-base ../../build/day4 build --build-base /home/mi/rokey_ws/build/day4/build install --record /home/mi/rokey_ws/build/day4/install.log --single-version-externally-managed install_data
[0.813s] running egg_info
[0.814s] writing ../../build/day4/day4.egg-info/PKG-INFO
[0.814s] writing dependency_links to ../../build/day4/day4.egg-info/dependency_links.txt
[0.814s] writing entry points to ../../build/day4/day4.egg-info/entry_points.txt
[0.814s] writing requirements to ../../build/day4/day4.egg-info/requires.txt
[0.814s] writing top-level names to ../../build/day4/day4.egg-info/top_level.txt
[0.816s] reading manifest file '../../build/day4/day4.egg-info/SOURCES.txt'
[0.817s] writing manifest file '../../build/day4/day4.egg-info/SOURCES.txt'
[0.817s] running build
[0.817s] running build_py
[0.818s] running install
[0.818s] running install_lib
[0.820s] running install_data
[0.820s] running install_egg_info
[0.822s] removing '/home/mi/rokey_ws/install/day4/lib/python3.10/site-packages/day4-0.0.0-py3.10.egg-info' (and everything under it)
[0.823s] Copying ../../build/day4/day4.egg-info to /home/mi/rokey_ws/install/day4/lib/python3.10/site-packages/day4-0.0.0-py3.10.egg-info
[0.823s] running install_scripts
[0.845s] Installing depth_checker script to /home/mi/rokey_ws/install/day4/lib/day4
[0.845s] Installing depth_to_3d script to /home/mi/rokey_ws/install/day4/lib/day4
[0.845s] Installing depth_to_goal script to /home/mi/rokey_ws/install/day4/lib/day4
[0.845s] Installing nav_to_person script to /home/mi/rokey_ws/install/day4/lib/day4
[0.845s] writing list of installed files to '/home/mi/rokey_ws/build/day4/install.log'
[0.868s] Invoked command in '/home/mi/rokey_ws/src/day4' returned '0': PYTHONPATH=/home/mi/rokey_ws/build/day4/prefix_override:/usr/lib/python3/dist-packages/colcon_core/task/python/colcon_distutils_commands:/home/mi/rokey_ws/install/day4/lib/python3.10/site-packages:${PYTHONPATH} /usr/bin/python3 -W ignore:setup.py install is deprecated -W ignore:easy_install command is deprecated setup.py egg_info --egg-base ../../build/day4 build --build-base /home/mi/rokey_ws/build/day4/build install --record /home/mi/rokey_ws/build/day4/install.log --single-version-externally-managed install_data
