/home/mi/rokey_ws/install/depth_ros/lib/python3.10/site-packages/depth_ros/4_gz_tf_transform.py
/home/mi/rokey_ws/install/depth_ros/lib/python3.10/site-packages/depth_ros/1_gz_depth_checker.py
/home/mi/rokey_ws/install/depth_ros/lib/python3.10/site-packages/depth_ros/2_gz_yolo_rgb_checker.py
/home/mi/rokey_ws/install/depth_ros/lib/python3.10/site-packages/depth_ros/3_gz_yolo_bbox_depth_checker.py
/home/mi/rokey_ws/install/depth_ros/lib/python3.10/site-packages/depth_ros/6_gz_tf_point_marker_publisher.py
/home/mi/rokey_ws/install/depth_ros/lib/python3.10/site-packages/depth_ros/5_gz_yolo_depth_object_xyz.py
/home/mi/rokey_ws/install/depth_ros/lib/python3.10/site-packages/depth_ros/__init__.py
/home/mi/rokey_ws/install/depth_ros/lib/python3.10/site-packages/depth_ros/__pycache__/4_gz_tf_transform.cpython-310.pyc
/home/mi/rokey_ws/install/depth_ros/lib/python3.10/site-packages/depth_ros/__pycache__/1_gz_depth_checker.cpython-310.pyc
/home/mi/rokey_ws/install/depth_ros/lib/python3.10/site-packages/depth_ros/__pycache__/2_gz_yolo_rgb_checker.cpython-310.pyc
/home/mi/rokey_ws/install/depth_ros/lib/python3.10/site-packages/depth_ros/__pycache__/3_gz_yolo_bbox_depth_checker.cpython-310.pyc
/home/mi/rokey_ws/install/depth_ros/lib/python3.10/site-packages/depth_ros/__pycache__/6_gz_tf_point_marker_publisher.cpython-310.pyc
/home/mi/rokey_ws/install/depth_ros/lib/python3.10/site-packages/depth_ros/__pycache__/5_gz_yolo_depth_object_xyz.cpython-310.pyc
/home/mi/rokey_ws/install/depth_ros/lib/python3.10/site-packages/depth_ros/__pycache__/__init__.cpython-310.pyc
/home/mi/rokey_ws/install/depth_ros/share/ament_index/resource_index/packages/depth_ros
/home/mi/rokey_ws/install/depth_ros/share/depth_ros/package.xml
/home/mi/rokey_ws/install/depth_ros/lib/python3.10/site-packages/depth_ros-0.0.0-py3.10.egg-info/PKG-INFO
/home/mi/rokey_ws/install/depth_ros/lib/python3.10/site-packages/depth_ros-0.0.0-py3.10.egg-info/SOURCES.txt
/home/mi/rokey_ws/install/depth_ros/lib/python3.10/site-packages/depth_ros-0.0.0-py3.10.egg-info/dependency_links.txt
/home/mi/rokey_ws/install/depth_ros/lib/python3.10/site-packages/depth_ros-0.0.0-py3.10.egg-info/entry_points.txt
/home/mi/rokey_ws/install/depth_ros/lib/python3.10/site-packages/depth_ros-0.0.0-py3.10.egg-info/requires.txt
/home/mi/rokey_ws/install/depth_ros/lib/python3.10/site-packages/depth_ros-0.0.0-py3.10.egg-info/zip-safe
/home/mi/rokey_ws/install/depth_ros/lib/python3.10/site-packages/depth_ros-0.0.0-py3.10.egg-info/top_level.txt
/home/mi/rokey_ws/install/depth_ros/lib/depth_ros/depth_checker
/home/mi/rokey_ws/install/depth_ros/lib/depth_ros/object_xyz
/home/mi/rokey_ws/install/depth_ros/lib/depth_ros/tf_point
/home/mi/rokey_ws/install/depth_ros/lib/depth_ros/tf_trans
/home/mi/rokey_ws/install/depth_ros/lib/depth_ros/yolo_checker
/home/mi/rokey_ws/install/depth_ros/lib/depth_ros/yolo_depth_checker
