running develop
running egg_info
creating day4.egg-info
writing day4.egg-info/PKG-INFO
writing dependency_links to day4.egg-info/dependency_links.txt
writing entry points to day4.egg-info/entry_points.txt
writing requirements to day4.egg-info/requires.txt
writing top-level names to day4.egg-info/top_level.txt
writing manifest file 'day4.egg-info/SOURCES.txt'
reading manifest file 'day4.egg-info/SOURCES.txt'
writing manifest file 'day4.egg-info/SOURCES.txt'
running build_ext
Creating /home/mi/rokey_ws/install/day4/lib/python3.10/site-packages/day4.egg-link (link to .)
Installing depth_checker script to /home/mi/rokey_ws/install/day4/lib/day4
Installing depth_to_3d script to /home/mi/rokey_ws/install/day4/lib/day4

Installed /home/mi/rokey_ws/build/day4
running symlink_data
creating /home/mi/rokey_ws/install/day4/share/ament_index
creating /home/mi/rokey_ws/install/day4/share/ament_index/resource_index
creating /home/mi/rokey_ws/install/day4/share/ament_index/resource_index/packages
symbolically linking /home/mi/rokey_ws/build/day4/resource/day4 -> /home/mi/rokey_ws/install/day4/share/ament_index/resource_index/packages
symbolically linking /home/mi/rokey_ws/build/day4/package.xml -> /home/mi/rokey_ws/install/day4/share/day4
