running egg_info
writing ../../build/rokey_pjt/rokey_pjt.egg-info/PKG-INFO
writing dependency_links to ../../build/rokey_pjt/rokey_pjt.egg-info/dependency_links.txt
writing entry points to ../../build/rokey_pjt/rokey_pjt.egg-info/entry_points.txt
writing requirements to ../../build/rokey_pjt/rokey_pjt.egg-info/requires.txt
writing top-level names to ../../build/rokey_pjt/rokey_pjt.egg-info/top_level.txt
reading manifest file '../../build/rokey_pjt/rokey_pjt.egg-info/SOURCES.txt'
adding license file 'LICENSE'
writing manifest file '../../build/rokey_pjt/rokey_pjt.egg-info/SOURCES.txt'
running build
running build_py
copying rokey_pjt/5_tb4_yolo_depth_object_xyz.py -> /home/mi/rokey_ws/build/rokey_pjt/build/lib/rokey_pjt
running install
running install_lib
copying /home/mi/rokey_ws/build/rokey_pjt/build/lib/rokey_pjt/5_tb4_yolo_depth_object_xyz.py -> /home/mi/rokey_ws/install/rokey_pjt/lib/python3.10/site-packages/rokey_pjt
byte-compiling /home/mi/rokey_ws/install/rokey_pjt/lib/python3.10/site-packages/rokey_pjt/5_tb4_yolo_depth_object_xyz.py to 5_tb4_yolo_depth_object_xyz.cpython-310.pyc
running install_data
running install_egg_info
removing '/home/mi/rokey_ws/install/rokey_pjt/lib/python3.10/site-packages/rokey_pjt-0.0.0-py3.10.egg-info' (and everything under it)
Copying ../../build/rokey_pjt/rokey_pjt.egg-info to /home/mi/rokey_ws/install/rokey_pjt/lib/python3.10/site-packages/rokey_pjt-0.0.0-py3.10.egg-info
running install_scripts
Installing capture_image script to /home/mi/rokey_ws/install/rokey_pjt/lib/rokey_pjt
Installing cont_cap_image script to /home/mi/rokey_ws/install/rokey_pjt/lib/rokey_pjt
Installing crop_image script to /home/mi/rokey_ws/install/rokey_pjt/lib/rokey_pjt
Installing depth_check script to /home/mi/rokey_ws/install/rokey_pjt/lib/rokey_pjt
Installing det_obj script to /home/mi/rokey_ws/install/rokey_pjt/lib/rokey_pjt
Installing det_obj_thread script to /home/mi/rokey_ws/install/rokey_pjt/lib/rokey_pjt
Installing det_obj_track script to /home/mi/rokey_ws/install/rokey_pjt/lib/rokey_pjt
Installing follow_waypoints script to /home/mi/rokey_ws/install/rokey_pjt/lib/rokey_pjt
Installing follow_waypoints_sc script to /home/mi/rokey_ws/install/rokey_pjt/lib/rokey_pjt
Installing goal_pub script to /home/mi/rokey_ws/install/rokey_pjt/lib/rokey_pjt
Installing goal_sub script to /home/mi/rokey_ws/install/rokey_pjt/lib/rokey_pjt
Installing nav_through_poses script to /home/mi/rokey_ws/install/rokey_pjt/lib/rokey_pjt
Installing nav_through_poses_sc script to /home/mi/rokey_ws/install/rokey_pjt/lib/rokey_pjt
Installing nav_to_pose script to /home/mi/rokey_ws/install/rokey_pjt/lib/rokey_pjt
Installing nav_to_pose_sc script to /home/mi/rokey_ws/install/rokey_pjt/lib/rokey_pjt
Installing object_xyz script to /home/mi/rokey_ws/install/rokey_pjt/lib/rokey_pjt
Installing object_xyz_marker script to /home/mi/rokey_ws/install/rokey_pjt/lib/rokey_pjt
Installing tf_trans script to /home/mi/rokey_ws/install/rokey_pjt/lib/rokey_pjt
Installing yolo_depth_checker script to /home/mi/rokey_ws/install/rokey_pjt/lib/rokey_pjt
writing list of installed files to '/home/mi/rokey_ws/build/rokey_pjt/install.log'
