[0.639s] Invoking command in '/home/mi/rokey_ws/src/gazebo_nav': PYTHONPATH=/home/mi/rokey_ws/build/gazebo_nav/prefix_override:/usr/lib/python3/dist-packages/colcon_core/task/python/colcon_distutils_commands:/home/mi/rokey_ws/install/gazebo_nav/lib/python3.10/site-packages:${PYTHONPATH} /usr/bin/python3 -W ignore:setup.py install is deprecated -W ignore:easy_install command is deprecated setup.py egg_info --egg-base ../../build/gazebo_nav build --build-base /home/mi/rokey_ws/build/gazebo_nav/build install --record /home/mi/rokey_ws/build/gazebo_nav/install.log --single-version-externally-managed install_data
[0.858s] running egg_info
[0.858s] writing ../../build/gazebo_nav/gazebo_nav.egg-info/PKG-INFO
[0.858s] writing dependency_links to ../../build/gazebo_nav/gazebo_nav.egg-info/dependency_links.txt
[0.858s] writing entry points to ../../build/gazebo_nav/gazebo_nav.egg-info/entry_points.txt
[0.858s] writing requirements to ../../build/gazebo_nav/gazebo_nav.egg-info/requires.txt
[0.858s] writing top-level names to ../../build/gazebo_nav/gazebo_nav.egg-info/top_level.txt
[0.859s] reading manifest file '../../build/gazebo_nav/gazebo_nav.egg-info/SOURCES.txt'
[0.859s] adding license file 'LICENSE'
[0.860s] writing manifest file '../../build/gazebo_nav/gazebo_nav.egg-info/SOURCES.txt'
[0.860s] running build
[0.860s] running build_py
[0.860s] copying gazebo_nav/obj_goal_pose_subscriber.py -> /home/mi/rokey_ws/build/gazebo_nav/build/lib/gazebo_nav
[0.860s] running install
[0.861s] running install_lib
[0.861s] copying /home/mi/rokey_ws/build/gazebo_nav/build/lib/gazebo_nav/obj_goal_pose_subscriber.py -> /home/mi/rokey_ws/install/gazebo_nav/lib/python3.10/site-packages/gazebo_nav
[0.862s] byte-compiling /home/mi/rokey_ws/install/gazebo_nav/lib/python3.10/site-packages/gazebo_nav/obj_goal_pose_subscriber.py to obj_goal_pose_subscriber.cpython-310.pyc
[0.862s] running install_data
[0.863s] running install_egg_info
[0.864s] removing '/home/mi/rokey_ws/install/gazebo_nav/lib/python3.10/site-packages/gazebo_nav-0.0.0-py3.10.egg-info' (and everything under it)
[0.864s] Copying ../../build/gazebo_nav/gazebo_nav.egg-info to /home/mi/rokey_ws/install/gazebo_nav/lib/python3.10/site-packages/gazebo_nav-0.0.0-py3.10.egg-info
[0.864s] running install_scripts
[0.879s] Installing current_pose script to /home/mi/rokey_ws/install/gazebo_nav/lib/gazebo_nav
[0.879s] Installing follow_waypoints script to /home/mi/rokey_ws/install/gazebo_nav/lib/gazebo_nav
[0.879s] Installing goal_pub script to /home/mi/rokey_ws/install/gazebo_nav/lib/gazebo_nav
[0.879s] Installing goal_sub script to /home/mi/rokey_ws/install/gazebo_nav/lib/gazebo_nav
[0.879s] Installing nav_through_poses script to /home/mi/rokey_ws/install/gazebo_nav/lib/gazebo_nav
[0.879s] Installing nav_to_pose script to /home/mi/rokey_ws/install/gazebo_nav/lib/gazebo_nav
[0.879s] writing list of installed files to '/home/mi/rokey_ws/build/gazebo_nav/install.log'
[0.904s] Invoked command in '/home/mi/rokey_ws/src/gazebo_nav' returned '0': PYTHONPATH=/home/mi/rokey_ws/build/gazebo_nav/prefix_override:/usr/lib/python3/dist-packages/colcon_core/task/python/colcon_distutils_commands:/home/mi/rokey_ws/install/gazebo_nav/lib/python3.10/site-packages:${PYTHONPATH} /usr/bin/python3 -W ignore:setup.py install is deprecated -W ignore:easy_install command is deprecated setup.py egg_info --egg-base ../../build/gazebo_nav build --build-base /home/mi/rokey_ws/build/gazebo_nav/build install --record /home/mi/rokey_ws/build/gazebo_nav/install.log --single-version-externally-managed install_data
