running develop
Removing /home/mi/rokey_ws/install/rokey_pjt/lib/python3.10/site-packages/rokey-pjt.egg-link (link to .)
running egg_info
writing ../../build/rokey_pjt/rokey_pjt.egg-info/PKG-INFO
writing dependency_links to ../../build/rokey_pjt/rokey_pjt.egg-info/dependency_links.txt
writing entry points to ../../build/rokey_pjt/rokey_pjt.egg-info/entry_points.txt
writing requirements to ../../build/rokey_pjt/rokey_pjt.egg-info/requires.txt
writing top-level names to ../../build/rokey_pjt/rokey_pjt.egg-info/top_level.txt
reading manifest file '../../build/rokey_pjt/rokey_pjt.egg-info/SOURCES.txt'
adding license file 'LICENSE'
writing manifest file '../../build/rokey_pjt/rokey_pjt.egg-info/SOURCES.txt'
running build
running build_py
creating /home/mi/rokey_ws/build/rokey_pjt/build
creating /home/mi/rokey_ws/build/rokey_pjt/build/lib
creating /home/mi/rokey_ws/build/rokey_pjt/build/lib/rokey_pjt
copying rokey_pjt/1_2_tb4_cont_capture_image.py -> /home/mi/rokey_ws/build/rokey_pjt/build/lib/rokey_pjt
copying rokey_pjt/6_follow_waypoints.py -> /home/mi/rokey_ws/build/rokey_pjt/build/lib/rokey_pjt
copying rokey_pjt/1_3_tb4_yolov8_obj_det.py -> /home/mi/rokey_ws/build/rokey_pjt/build/lib/rokey_pjt
copying rokey_pjt/5_tb4_yolo_depth_object_xyz.py -> /home/mi/rokey_ws/build/rokey_pjt/build/lib/rokey_pjt
copying rokey_pjt/3_tb4_yolo_bbox_depth_checker_opt.py -> /home/mi/rokey_ws/build/rokey_pjt/build/lib/rokey_pjt
copying rokey_pjt/5_tb4_yolo_depth_object_xyz_marker.py -> /home/mi/rokey_ws/build/rokey_pjt/build/lib/rokey_pjt
copying rokey_pjt/6_nav_through_poses_sc.py -> /home/mi/rokey_ws/build/rokey_pjt/build/lib/rokey_pjt
copying rokey_pjt/1_5_tb4_yolov8_obj_det_track.py -> /home/mi/rokey_ws/build/rokey_pjt/build/lib/rokey_pjt
copying rokey_pjt/6_nav_to_pose.py -> /home/mi/rokey_ws/build/rokey_pjt/build/lib/rokey_pjt
copying rokey_pjt/6_nav_to_pose_sc.py -> /home/mi/rokey_ws/build/rokey_pjt/build/lib/rokey_pjt
copying rokey_pjt/6_nav_through_poses.py -> /home/mi/rokey_ws/build/rokey_pjt/build/lib/rokey_pjt
copying rokey_pjt/2_1_tb4_depth_checker.py -> /home/mi/rokey_ws/build/rokey_pjt/build/lib/rokey_pjt
copying rokey_pjt/1_0_tb4_crop_image.py -> /home/mi/rokey_ws/build/rokey_pjt/build/lib/rokey_pjt
copying rokey_pjt/4_tb4_tf_transform.py -> /home/mi/rokey_ws/build/rokey_pjt/build/lib/rokey_pjt
copying rokey_pjt/1_4_tb4_yolov8_obj_det_thread.py -> /home/mi/rokey_ws/build/rokey_pjt/build/lib/rokey_pjt
copying rokey_pjt/3_tb4_yolo_bbox_depth_checker.py -> /home/mi/rokey_ws/build/rokey_pjt/build/lib/rokey_pjt
copying rokey_pjt/1_1_tb4_capture_image.py -> /home/mi/rokey_ws/build/rokey_pjt/build/lib/rokey_pjt
copying rokey_pjt/6_follow_waypoints_sc.py -> /home/mi/rokey_ws/build/rokey_pjt/build/lib/rokey_pjt
copying rokey_pjt/__init__.py -> /home/mi/rokey_ws/build/rokey_pjt/build/lib/rokey_pjt
running install
running install_lib
creating /home/mi/rokey_ws/install/rokey_pjt/lib/python3.10/site-packages/rokey_pjt
copying /home/mi/rokey_ws/build/rokey_pjt/build/lib/rokey_pjt/1_2_tb4_cont_capture_image.py -> /home/mi/rokey_ws/install/rokey_pjt/lib/python3.10/site-packages/rokey_pjt
copying /home/mi/rokey_ws/build/rokey_pjt/build/lib/rokey_pjt/6_follow_waypoints.py -> /home/mi/rokey_ws/install/rokey_pjt/lib/python3.10/site-packages/rokey_pjt
copying /home/mi/rokey_ws/build/rokey_pjt/build/lib/rokey_pjt/1_3_tb4_yolov8_obj_det.py -> /home/mi/rokey_ws/install/rokey_pjt/lib/python3.10/site-packages/rokey_pjt
copying /home/mi/rokey_ws/build/rokey_pjt/build/lib/rokey_pjt/5_tb4_yolo_depth_object_xyz.py -> /home/mi/rokey_ws/install/rokey_pjt/lib/python3.10/site-packages/rokey_pjt
copying /home/mi/rokey_ws/build/rokey_pjt/build/lib/rokey_pjt/3_tb4_yolo_bbox_depth_checker_opt.py -> /home/mi/rokey_ws/install/rokey_pjt/lib/python3.10/site-packages/rokey_pjt
copying /home/mi/rokey_ws/build/rokey_pjt/build/lib/rokey_pjt/5_tb4_yolo_depth_object_xyz_marker.py -> /home/mi/rokey_ws/install/rokey_pjt/lib/python3.10/site-packages/rokey_pjt
copying /home/mi/rokey_ws/build/rokey_pjt/build/lib/rokey_pjt/6_nav_through_poses_sc.py -> /home/mi/rokey_ws/install/rokey_pjt/lib/python3.10/site-packages/rokey_pjt
copying /home/mi/rokey_ws/build/rokey_pjt/build/lib/rokey_pjt/1_5_tb4_yolov8_obj_det_track.py -> /home/mi/rokey_ws/install/rokey_pjt/lib/python3.10/site-packages/rokey_pjt
copying /home/mi/rokey_ws/build/rokey_pjt/build/lib/rokey_pjt/6_nav_to_pose.py -> /home/mi/rokey_ws/install/rokey_pjt/lib/python3.10/site-packages/rokey_pjt
copying /home/mi/rokey_ws/build/rokey_pjt/build/lib/rokey_pjt/6_nav_to_pose_sc.py -> /home/mi/rokey_ws/install/rokey_pjt/lib/python3.10/site-packages/rokey_pjt
copying /home/mi/rokey_ws/build/rokey_pjt/build/lib/rokey_pjt/6_nav_through_poses.py -> /home/mi/rokey_ws/install/rokey_pjt/lib/python3.10/site-packages/rokey_pjt
copying /home/mi/rokey_ws/build/rokey_pjt/build/lib/rokey_pjt/2_1_tb4_depth_checker.py -> /home/mi/rokey_ws/install/rokey_pjt/lib/python3.10/site-packages/rokey_pjt
copying /home/mi/rokey_ws/build/rokey_pjt/build/lib/rokey_pjt/1_0_tb4_crop_image.py -> /home/mi/rokey_ws/install/rokey_pjt/lib/python3.10/site-packages/rokey_pjt
copying /home/mi/rokey_ws/build/rokey_pjt/build/lib/rokey_pjt/4_tb4_tf_transform.py -> /home/mi/rokey_ws/install/rokey_pjt/lib/python3.10/site-packages/rokey_pjt
copying /home/mi/rokey_ws/build/rokey_pjt/build/lib/rokey_pjt/1_4_tb4_yolov8_obj_det_thread.py -> /home/mi/rokey_ws/install/rokey_pjt/lib/python3.10/site-packages/rokey_pjt
copying /home/mi/rokey_ws/build/rokey_pjt/build/lib/rokey_pjt/3_tb4_yolo_bbox_depth_checker.py -> /home/mi/rokey_ws/install/rokey_pjt/lib/python3.10/site-packages/rokey_pjt
copying /home/mi/rokey_ws/build/rokey_pjt/build/lib/rokey_pjt/1_1_tb4_capture_image.py -> /home/mi/rokey_ws/install/rokey_pjt/lib/python3.10/site-packages/rokey_pjt
copying /home/mi/rokey_ws/build/rokey_pjt/build/lib/rokey_pjt/6_follow_waypoints_sc.py -> /home/mi/rokey_ws/install/rokey_pjt/lib/python3.10/site-packages/rokey_pjt
copying /home/mi/rokey_ws/build/rokey_pjt/build/lib/rokey_pjt/__init__.py -> /home/mi/rokey_ws/install/rokey_pjt/lib/python3.10/site-packages/rokey_pjt
byte-compiling /home/mi/rokey_ws/install/rokey_pjt/lib/python3.10/site-packages/rokey_pjt/1_2_tb4_cont_capture_image.py to 1_2_tb4_cont_capture_image.cpython-310.pyc
byte-compiling /home/mi/rokey_ws/install/rokey_pjt/lib/python3.10/site-packages/rokey_pjt/6_follow_waypoints.py to 6_follow_waypoints.cpython-310.pyc
byte-compiling /home/mi/rokey_ws/install/rokey_pjt/lib/python3.10/site-packages/rokey_pjt/1_3_tb4_yolov8_obj_det.py to 1_3_tb4_yolov8_obj_det.cpython-310.pyc
byte-compiling /home/mi/rokey_ws/install/rokey_pjt/lib/python3.10/site-packages/rokey_pjt/5_tb4_yolo_depth_object_xyz.py to 5_tb4_yolo_depth_object_xyz.cpython-310.pyc
byte-compiling /home/mi/rokey_ws/install/rokey_pjt/lib/python3.10/site-packages/rokey_pjt/3_tb4_yolo_bbox_depth_checker_opt.py to 3_tb4_yolo_bbox_depth_checker_opt.cpython-310.pyc
byte-compiling /home/mi/rokey_ws/install/rokey_pjt/lib/python3.10/site-packages/rokey_pjt/5_tb4_yolo_depth_object_xyz_marker.py to 5_tb4_yolo_depth_object_xyz_marker.cpython-310.pyc
byte-compiling /home/mi/rokey_ws/install/rokey_pjt/lib/python3.10/site-packages/rokey_pjt/6_nav_through_poses_sc.py to 6_nav_through_poses_sc.cpython-310.pyc
byte-compiling /home/mi/rokey_ws/install/rokey_pjt/lib/python3.10/site-packages/rokey_pjt/1_5_tb4_yolov8_obj_det_track.py to 1_5_tb4_yolov8_obj_det_track.cpython-310.pyc
byte-compiling /home/mi/rokey_ws/install/rokey_pjt/lib/python3.10/site-packages/rokey_pjt/6_nav_to_pose.py to 6_nav_to_pose.cpython-310.pyc
byte-compiling /home/mi/rokey_ws/install/rokey_pjt/lib/python3.10/site-packages/rokey_pjt/6_nav_to_pose_sc.py to 6_nav_to_pose_sc.cpython-310.pyc
byte-compiling /home/mi/rokey_ws/install/rokey_pjt/lib/python3.10/site-packages/rokey_pjt/6_nav_through_poses.py to 6_nav_through_poses.cpython-310.pyc
byte-compiling /home/mi/rokey_ws/install/rokey_pjt/lib/python3.10/site-packages/rokey_pjt/2_1_tb4_depth_checker.py to 2_1_tb4_depth_checker.cpython-310.pyc
byte-compiling /home/mi/rokey_ws/install/rokey_pjt/lib/python3.10/site-packages/rokey_pjt/1_0_tb4_crop_image.py to 1_0_tb4_crop_image.cpython-310.pyc
byte-compiling /home/mi/rokey_ws/install/rokey_pjt/lib/python3.10/site-packages/rokey_pjt/4_tb4_tf_transform.py to 4_tb4_tf_transform.cpython-310.pyc
byte-compiling /home/mi/rokey_ws/install/rokey_pjt/lib/python3.10/site-packages/rokey_pjt/1_4_tb4_yolov8_obj_det_thread.py to 1_4_tb4_yolov8_obj_det_thread.cpython-310.pyc
byte-compiling /home/mi/rokey_ws/install/rokey_pjt/lib/python3.10/site-packages/rokey_pjt/3_tb4_yolo_bbox_depth_checker.py to 3_tb4_yolo_bbox_depth_checker.cpython-310.pyc
byte-compiling /home/mi/rokey_ws/install/rokey_pjt/lib/python3.10/site-packages/rokey_pjt/1_1_tb4_capture_image.py to 1_1_tb4_capture_image.cpython-310.pyc
byte-compiling /home/mi/rokey_ws/install/rokey_pjt/lib/python3.10/site-packages/rokey_pjt/6_follow_waypoints_sc.py to 6_follow_waypoints_sc.cpython-310.pyc
byte-compiling /home/mi/rokey_ws/install/rokey_pjt/lib/python3.10/site-packages/rokey_pjt/__init__.py to __init__.cpython-310.pyc
running install_data
copying resource/rokey_pjt -> /home/mi/rokey_ws/install/rokey_pjt/share/ament_index/resource_index/packages
copying package.xml -> /home/mi/rokey_ws/install/rokey_pjt/share/rokey_pjt
running install_egg_info
Copying ../../build/rokey_pjt/rokey_pjt.egg-info to /home/mi/rokey_ws/install/rokey_pjt/lib/python3.10/site-packages/rokey_pjt-0.0.0-py3.10.egg-info
running install_scripts
Installing capture_image script to /home/mi/rokey_ws/install/rokey_pjt/lib/rokey_pjt
Installing cont_cap_image script to /home/mi/rokey_ws/install/rokey_pjt/lib/rokey_pjt
Installing crop_image script to /home/mi/rokey_ws/install/rokey_pjt/lib/rokey_pjt
Installing depth_check script to /home/mi/rokey_ws/install/rokey_pjt/lib/rokey_pjt
Installing det_obj script to /home/mi/rokey_ws/install/rokey_pjt/lib/rokey_pjt
Installing det_obj_thread script to /home/mi/rokey_ws/install/rokey_pjt/lib/rokey_pjt
Installing det_obj_track script to /home/mi/rokey_ws/install/rokey_pjt/lib/rokey_pjt
Installing follow_waypoints script to /home/mi/rokey_ws/install/rokey_pjt/lib/rokey_pjt
Installing follow_waypoints_sc script to /home/mi/rokey_ws/install/rokey_pjt/lib/rokey_pjt
Installing nav_through_poses script to /home/mi/rokey_ws/install/rokey_pjt/lib/rokey_pjt
Installing nav_through_poses_sc script to /home/mi/rokey_ws/install/rokey_pjt/lib/rokey_pjt
Installing nav_to_pose script to /home/mi/rokey_ws/install/rokey_pjt/lib/rokey_pjt
Installing nav_to_pose_sc script to /home/mi/rokey_ws/install/rokey_pjt/lib/rokey_pjt
Installing object_xyz script to /home/mi/rokey_ws/install/rokey_pjt/lib/rokey_pjt
Installing object_xyz_marker script to /home/mi/rokey_ws/install/rokey_pjt/lib/rokey_pjt
Installing tf_trans script to /home/mi/rokey_ws/install/rokey_pjt/lib/rokey_pjt
Installing yolo_depth_checker script to /home/mi/rokey_ws/install/rokey_pjt/lib/rokey_pjt
writing list of installed files to '/home/mi/rokey_ws/build/rokey_pjt/install.log'
