[0.555s] Invoking command in '/home/mi/rokey_ws/build/rokey_pjt': PYTHONPATH=/home/mi/rokey_ws/build/rokey_pjt/prefix_override:/usr/lib/python3/dist-packages/colcon_core/task/python/colcon_distutils_commands:/home/mi/rokey_ws/install/rokey_pjt/lib/python3.10/site-packages:${PYTHONPATH} /usr/bin/python3 -W ignore:setup.py install is deprecated -W ignore:easy_install command is deprecated setup.py develop --uninstall --editable --build-directory /home/mi/rokey_ws/build/rokey_pjt/build
[0.744s] running develop
[0.863s] Removing /home/mi/rokey_ws/install/rokey_pjt/lib/python3.10/site-packages/rokey-pjt.egg-link (link to .)
[0.895s] Invoked command in '/home/mi/rokey_ws/build/rokey_pjt' returned '0': PYTHONPATH=/home/mi/rokey_ws/build/rokey_pjt/prefix_override:/usr/lib/python3/dist-packages/colcon_core/task/python/colcon_distutils_commands:/home/mi/rokey_ws/install/rokey_pjt/lib/python3.10/site-packages:${PYTHONPATH} /usr/bin/python3 -W ignore:setup.py install is deprecated -W ignore:easy_install command is deprecated setup.py develop --uninstall --editable --build-directory /home/mi/rokey_ws/build/rokey_pjt/build
[0.896s] Invoking command in '/home/mi/rokey_ws/src/rokey_pjt': PYTHONPATH=/home/mi/rokey_ws/build/rokey_pjt/prefix_override:/usr/lib/python3/dist-packages/colcon_core/task/python/colcon_distutils_commands:/home/mi/rokey_ws/install/rokey_pjt/lib/python3.10/site-packages:${PYTHONPATH} /usr/bin/python3 -W ignore:setup.py install is deprecated -W ignore:easy_install command is deprecated setup.py egg_info --egg-base ../../build/rokey_pjt build --build-base /home/mi/rokey_ws/build/rokey_pjt/build install --record /home/mi/rokey_ws/build/rokey_pjt/install.log --single-version-externally-managed install_data --force
[1.066s] running egg_info
[1.067s] writing ../../build/rokey_pjt/rokey_pjt.egg-info/PKG-INFO
[1.067s] writing dependency_links to ../../build/rokey_pjt/rokey_pjt.egg-info/dependency_links.txt
[1.067s] writing entry points to ../../build/rokey_pjt/rokey_pjt.egg-info/entry_points.txt
[1.067s] writing requirements to ../../build/rokey_pjt/rokey_pjt.egg-info/requires.txt
[1.067s] writing top-level names to ../../build/rokey_pjt/rokey_pjt.egg-info/top_level.txt
[1.069s] reading manifest file '../../build/rokey_pjt/rokey_pjt.egg-info/SOURCES.txt'
[1.070s] adding license file 'LICENSE'
[1.071s] writing manifest file '../../build/rokey_pjt/rokey_pjt.egg-info/SOURCES.txt'
[1.071s] running build
[1.071s] running build_py
[1.071s] creating /home/mi/rokey_ws/build/rokey_pjt/build
[1.071s] creating /home/mi/rokey_ws/build/rokey_pjt/build/lib
[1.071s] creating /home/mi/rokey_ws/build/rokey_pjt/build/lib/rokey_pjt
[1.071s] copying rokey_pjt/1_2_tb4_cont_capture_image.py -> /home/mi/rokey_ws/build/rokey_pjt/build/lib/rokey_pjt
[1.071s] copying rokey_pjt/6_follow_waypoints.py -> /home/mi/rokey_ws/build/rokey_pjt/build/lib/rokey_pjt
[1.071s] copying rokey_pjt/1_3_tb4_yolov8_obj_det.py -> /home/mi/rokey_ws/build/rokey_pjt/build/lib/rokey_pjt
[1.071s] copying rokey_pjt/5_tb4_yolo_depth_object_xyz.py -> /home/mi/rokey_ws/build/rokey_pjt/build/lib/rokey_pjt
[1.071s] copying rokey_pjt/3_tb4_yolo_bbox_depth_checker_opt.py -> /home/mi/rokey_ws/build/rokey_pjt/build/lib/rokey_pjt
[1.071s] copying rokey_pjt/5_tb4_yolo_depth_object_xyz_marker.py -> /home/mi/rokey_ws/build/rokey_pjt/build/lib/rokey_pjt
[1.071s] copying rokey_pjt/6_nav_through_poses_sc.py -> /home/mi/rokey_ws/build/rokey_pjt/build/lib/rokey_pjt
[1.071s] copying rokey_pjt/1_5_tb4_yolov8_obj_det_track.py -> /home/mi/rokey_ws/build/rokey_pjt/build/lib/rokey_pjt
[1.071s] copying rokey_pjt/6_nav_to_pose.py -> /home/mi/rokey_ws/build/rokey_pjt/build/lib/rokey_pjt
[1.071s] copying rokey_pjt/6_nav_to_pose_sc.py -> /home/mi/rokey_ws/build/rokey_pjt/build/lib/rokey_pjt
[1.072s] copying rokey_pjt/6_nav_through_poses.py -> /home/mi/rokey_ws/build/rokey_pjt/build/lib/rokey_pjt
[1.072s] copying rokey_pjt/2_1_tb4_depth_checker.py -> /home/mi/rokey_ws/build/rokey_pjt/build/lib/rokey_pjt
[1.072s] copying rokey_pjt/1_0_tb4_crop_image.py -> /home/mi/rokey_ws/build/rokey_pjt/build/lib/rokey_pjt
[1.072s] copying rokey_pjt/4_tb4_tf_transform.py -> /home/mi/rokey_ws/build/rokey_pjt/build/lib/rokey_pjt
[1.072s] copying rokey_pjt/1_4_tb4_yolov8_obj_det_thread.py -> /home/mi/rokey_ws/build/rokey_pjt/build/lib/rokey_pjt
[1.072s] copying rokey_pjt/3_tb4_yolo_bbox_depth_checker.py -> /home/mi/rokey_ws/build/rokey_pjt/build/lib/rokey_pjt
[1.072s] copying rokey_pjt/1_1_tb4_capture_image.py -> /home/mi/rokey_ws/build/rokey_pjt/build/lib/rokey_pjt
[1.072s] copying rokey_pjt/6_follow_waypoints_sc.py -> /home/mi/rokey_ws/build/rokey_pjt/build/lib/rokey_pjt
[1.072s] copying rokey_pjt/__init__.py -> /home/mi/rokey_ws/build/rokey_pjt/build/lib/rokey_pjt
[1.072s] running install
[1.072s] running install_lib
[1.073s] creating /home/mi/rokey_ws/install/rokey_pjt/lib/python3.10/site-packages/rokey_pjt
[1.073s] copying /home/mi/rokey_ws/build/rokey_pjt/build/lib/rokey_pjt/1_2_tb4_cont_capture_image.py -> /home/mi/rokey_ws/install/rokey_pjt/lib/python3.10/site-packages/rokey_pjt
[1.073s] copying /home/mi/rokey_ws/build/rokey_pjt/build/lib/rokey_pjt/6_follow_waypoints.py -> /home/mi/rokey_ws/install/rokey_pjt/lib/python3.10/site-packages/rokey_pjt
[1.073s] copying /home/mi/rokey_ws/build/rokey_pjt/build/lib/rokey_pjt/1_3_tb4_yolov8_obj_det.py -> /home/mi/rokey_ws/install/rokey_pjt/lib/python3.10/site-packages/rokey_pjt
[1.073s] copying /home/mi/rokey_ws/build/rokey_pjt/build/lib/rokey_pjt/5_tb4_yolo_depth_object_xyz.py -> /home/mi/rokey_ws/install/rokey_pjt/lib/python3.10/site-packages/rokey_pjt
[1.073s] copying /home/mi/rokey_ws/build/rokey_pjt/build/lib/rokey_pjt/3_tb4_yolo_bbox_depth_checker_opt.py -> /home/mi/rokey_ws/install/rokey_pjt/lib/python3.10/site-packages/rokey_pjt
[1.073s] copying /home/mi/rokey_ws/build/rokey_pjt/build/lib/rokey_pjt/5_tb4_yolo_depth_object_xyz_marker.py -> /home/mi/rokey_ws/install/rokey_pjt/lib/python3.10/site-packages/rokey_pjt
[1.073s] copying /home/mi/rokey_ws/build/rokey_pjt/build/lib/rokey_pjt/6_nav_through_poses_sc.py -> /home/mi/rokey_ws/install/rokey_pjt/lib/python3.10/site-packages/rokey_pjt
[1.073s] copying /home/mi/rokey_ws/build/rokey_pjt/build/lib/rokey_pjt/1_5_tb4_yolov8_obj_det_track.py -> /home/mi/rokey_ws/install/rokey_pjt/lib/python3.10/site-packages/rokey_pjt
[1.073s] copying /home/mi/rokey_ws/build/rokey_pjt/build/lib/rokey_pjt/6_nav_to_pose.py -> /home/mi/rokey_ws/install/rokey_pjt/lib/python3.10/site-packages/rokey_pjt
[1.073s] copying /home/mi/rokey_ws/build/rokey_pjt/build/lib/rokey_pjt/6_nav_to_pose_sc.py -> /home/mi/rokey_ws/install/rokey_pjt/lib/python3.10/site-packages/rokey_pjt
[1.073s] copying /home/mi/rokey_ws/build/rokey_pjt/build/lib/rokey_pjt/6_nav_through_poses.py -> /home/mi/rokey_ws/install/rokey_pjt/lib/python3.10/site-packages/rokey_pjt
[1.073s] copying /home/mi/rokey_ws/build/rokey_pjt/build/lib/rokey_pjt/2_1_tb4_depth_checker.py -> /home/mi/rokey_ws/install/rokey_pjt/lib/python3.10/site-packages/rokey_pjt
[1.073s] copying /home/mi/rokey_ws/build/rokey_pjt/build/lib/rokey_pjt/1_0_tb4_crop_image.py -> /home/mi/rokey_ws/install/rokey_pjt/lib/python3.10/site-packages/rokey_pjt
[1.073s] copying /home/mi/rokey_ws/build/rokey_pjt/build/lib/rokey_pjt/4_tb4_tf_transform.py -> /home/mi/rokey_ws/install/rokey_pjt/lib/python3.10/site-packages/rokey_pjt
[1.074s] copying /home/mi/rokey_ws/build/rokey_pjt/build/lib/rokey_pjt/1_4_tb4_yolov8_obj_det_thread.py -> /home/mi/rokey_ws/install/rokey_pjt/lib/python3.10/site-packages/rokey_pjt
[1.074s] copying /home/mi/rokey_ws/build/rokey_pjt/build/lib/rokey_pjt/3_tb4_yolo_bbox_depth_checker.py -> /home/mi/rokey_ws/install/rokey_pjt/lib/python3.10/site-packages/rokey_pjt
[1.074s] copying /home/mi/rokey_ws/build/rokey_pjt/build/lib/rokey_pjt/1_1_tb4_capture_image.py -> /home/mi/rokey_ws/install/rokey_pjt/lib/python3.10/site-packages/rokey_pjt
[1.074s] copying /home/mi/rokey_ws/build/rokey_pjt/build/lib/rokey_pjt/6_follow_waypoints_sc.py -> /home/mi/rokey_ws/install/rokey_pjt/lib/python3.10/site-packages/rokey_pjt
[1.074s] copying /home/mi/rokey_ws/build/rokey_pjt/build/lib/rokey_pjt/__init__.py -> /home/mi/rokey_ws/install/rokey_pjt/lib/python3.10/site-packages/rokey_pjt
[1.074s] byte-compiling /home/mi/rokey_ws/install/rokey_pjt/lib/python3.10/site-packages/rokey_pjt/1_2_tb4_cont_capture_image.py to 1_2_tb4_cont_capture_image.cpython-310.pyc
[1.075s] byte-compiling /home/mi/rokey_ws/install/rokey_pjt/lib/python3.10/site-packages/rokey_pjt/6_follow_waypoints.py to 6_follow_waypoints.cpython-310.pyc
[1.075s] byte-compiling /home/mi/rokey_ws/install/rokey_pjt/lib/python3.10/site-packages/rokey_pjt/1_3_tb4_yolov8_obj_det.py to 1_3_tb4_yolov8_obj_det.cpython-310.pyc
[1.076s] byte-compiling /home/mi/rokey_ws/install/rokey_pjt/lib/python3.10/site-packages/rokey_pjt/5_tb4_yolo_depth_object_xyz.py to 5_tb4_yolo_depth_object_xyz.cpython-310.pyc
[1.077s] byte-compiling /home/mi/rokey_ws/install/rokey_pjt/lib/python3.10/site-packages/rokey_pjt/3_tb4_yolo_bbox_depth_checker_opt.py to 3_tb4_yolo_bbox_depth_checker_opt.cpython-310.pyc
[1.078s] byte-compiling /home/mi/rokey_ws/install/rokey_pjt/lib/python3.10/site-packages/rokey_pjt/5_tb4_yolo_depth_object_xyz_marker.py to 5_tb4_yolo_depth_object_xyz_marker.cpython-310.pyc
[1.079s] byte-compiling /home/mi/rokey_ws/install/rokey_pjt/lib/python3.10/site-packages/rokey_pjt/6_nav_through_poses_sc.py to 6_nav_through_poses_sc.cpython-310.pyc
[1.080s] byte-compiling /home/mi/rokey_ws/install/rokey_pjt/lib/python3.10/site-packages/rokey_pjt/1_5_tb4_yolov8_obj_det_track.py to 1_5_tb4_yolov8_obj_det_track.cpython-310.pyc
[1.080s] byte-compiling /home/mi/rokey_ws/install/rokey_pjt/lib/python3.10/site-packages/rokey_pjt/6_nav_to_pose.py to 6_nav_to_pose.cpython-310.pyc
[1.081s] byte-compiling /home/mi/rokey_ws/install/rokey_pjt/lib/python3.10/site-packages/rokey_pjt/6_nav_to_pose_sc.py to 6_nav_to_pose_sc.cpython-310.pyc
[1.081s] byte-compiling /home/mi/rokey_ws/install/rokey_pjt/lib/python3.10/site-packages/rokey_pjt/6_nav_through_poses.py to 6_nav_through_poses.cpython-310.pyc
[1.081s] byte-compiling /home/mi/rokey_ws/install/rokey_pjt/lib/python3.10/site-packages/rokey_pjt/2_1_tb4_depth_checker.py to 2_1_tb4_depth_checker.cpython-310.pyc
[1.082s] byte-compiling /home/mi/rokey_ws/install/rokey_pjt/lib/python3.10/site-packages/rokey_pjt/1_0_tb4_crop_image.py to 1_0_tb4_crop_image.cpython-310.pyc
[1.082s] byte-compiling /home/mi/rokey_ws/install/rokey_pjt/lib/python3.10/site-packages/rokey_pjt/4_tb4_tf_transform.py to 4_tb4_tf_transform.cpython-310.pyc
[1.083s] byte-compiling /home/mi/rokey_ws/install/rokey_pjt/lib/python3.10/site-packages/rokey_pjt/1_4_tb4_yolov8_obj_det_thread.py to 1_4_tb4_yolov8_obj_det_thread.cpython-310.pyc
[1.083s] byte-compiling /home/mi/rokey_ws/install/rokey_pjt/lib/python3.10/site-packages/rokey_pjt/3_tb4_yolo_bbox_depth_checker.py to 3_tb4_yolo_bbox_depth_checker.cpython-310.pyc
[1.084s] byte-compiling /home/mi/rokey_ws/install/rokey_pjt/lib/python3.10/site-packages/rokey_pjt/1_1_tb4_capture_image.py to 1_1_tb4_capture_image.cpython-310.pyc
[1.085s] byte-compiling /home/mi/rokey_ws/install/rokey_pjt/lib/python3.10/site-packages/rokey_pjt/6_follow_waypoints_sc.py to 6_follow_waypoints_sc.cpython-310.pyc
[1.085s] byte-compiling /home/mi/rokey_ws/install/rokey_pjt/lib/python3.10/site-packages/rokey_pjt/__init__.py to __init__.cpython-310.pyc
[1.085s] running install_data
[1.085s] copying resource/rokey_pjt -> /home/mi/rokey_ws/install/rokey_pjt/share/ament_index/resource_index/packages
[1.085s] copying package.xml -> /home/mi/rokey_ws/install/rokey_pjt/share/rokey_pjt
[1.085s] running install_egg_info
[1.087s] Copying ../../build/rokey_pjt/rokey_pjt.egg-info to /home/mi/rokey_ws/install/rokey_pjt/lib/python3.10/site-packages/rokey_pjt-0.0.0-py3.10.egg-info
[1.088s] running install_scripts
[1.104s] Installing capture_image script to /home/mi/rokey_ws/install/rokey_pjt/lib/rokey_pjt
[1.105s] Installing cont_cap_image script to /home/mi/rokey_ws/install/rokey_pjt/lib/rokey_pjt
[1.105s] Installing crop_image script to /home/mi/rokey_ws/install/rokey_pjt/lib/rokey_pjt
[1.105s] Installing depth_check script to /home/mi/rokey_ws/install/rokey_pjt/lib/rokey_pjt
[1.105s] Installing det_obj script to /home/mi/rokey_ws/install/rokey_pjt/lib/rokey_pjt
[1.105s] Installing det_obj_thread script to /home/mi/rokey_ws/install/rokey_pjt/lib/rokey_pjt
[1.105s] Installing det_obj_track script to /home/mi/rokey_ws/install/rokey_pjt/lib/rokey_pjt
[1.105s] Installing follow_waypoints script to /home/mi/rokey_ws/install/rokey_pjt/lib/rokey_pjt
[1.105s] Installing follow_waypoints_sc script to /home/mi/rokey_ws/install/rokey_pjt/lib/rokey_pjt
[1.105s] Installing nav_through_poses script to /home/mi/rokey_ws/install/rokey_pjt/lib/rokey_pjt
[1.105s] Installing nav_through_poses_sc script to /home/mi/rokey_ws/install/rokey_pjt/lib/rokey_pjt
[1.105s] Installing nav_to_pose script to /home/mi/rokey_ws/install/rokey_pjt/lib/rokey_pjt
[1.105s] Installing nav_to_pose_sc script to /home/mi/rokey_ws/install/rokey_pjt/lib/rokey_pjt
[1.105s] Installing object_xyz script to /home/mi/rokey_ws/install/rokey_pjt/lib/rokey_pjt
[1.105s] Installing object_xyz_marker script to /home/mi/rokey_ws/install/rokey_pjt/lib/rokey_pjt
[1.105s] Installing tf_trans script to /home/mi/rokey_ws/install/rokey_pjt/lib/rokey_pjt
[1.105s] Installing yolo_depth_checker script to /home/mi/rokey_ws/install/rokey_pjt/lib/rokey_pjt
[1.106s] writing list of installed files to '/home/mi/rokey_ws/build/rokey_pjt/install.log'
[1.136s] Invoked command in '/home/mi/rokey_ws/src/rokey_pjt' returned '0': PYTHONPATH=/home/mi/rokey_ws/build/rokey_pjt/prefix_override:/usr/lib/python3/dist-packages/colcon_core/task/python/colcon_distutils_commands:/home/mi/rokey_ws/install/rokey_pjt/lib/python3.10/site-packages:${PYTHONPATH} /usr/bin/python3 -W ignore:setup.py install is deprecated -W ignore:easy_install command is deprecated setup.py egg_info --egg-base ../../build/rokey_pjt build --build-base /home/mi/rokey_ws/build/rokey_pjt/build install --record /home/mi/rokey_ws/build/rokey_pjt/install.log --single-version-externally-managed install_data --force
