[0.512s] Invoking command in '/home/mi/rokey_ws/src/gazebo_nav': PYTHONPATH=/home/mi/rokey_ws/build/gazebo_nav/prefix_override:/usr/lib/python3/dist-packages/colcon_core/task/python/colcon_distutils_commands:/home/mi/rokey_ws/install/gazebo_nav/lib/python3.10/site-packages:${PYTHONPATH} /usr/bin/python3 -W ignore:setup.py install is deprecated -W ignore:easy_install command is deprecated setup.py egg_info --egg-base ../../build/gazebo_nav build --build-base /home/mi/rokey_ws/build/gazebo_nav/build install --record /home/mi/rokey_ws/build/gazebo_nav/install.log --single-version-externally-managed install_data
[0.716s] running egg_info
[0.717s] writing ../../build/gazebo_nav/gazebo_nav.egg-info/PKG-INFO
[0.717s] writing dependency_links to ../../build/gazebo_nav/gazebo_nav.egg-info/dependency_links.txt
[0.718s] writing entry points to ../../build/gazebo_nav/gazebo_nav.egg-info/entry_points.txt
[0.718s] writing requirements to ../../build/gazebo_nav/gazebo_nav.egg-info/requires.txt
[0.718s] writing top-level names to ../../build/gazebo_nav/gazebo_nav.egg-info/top_level.txt
[0.720s] reading manifest file '../../build/gazebo_nav/gazebo_nav.egg-info/SOURCES.txt'
[0.720s] adding license file 'LICENSE'
[0.720s] writing manifest file '../../build/gazebo_nav/gazebo_nav.egg-info/SOURCES.txt'
[0.720s] running build
[0.720s] running build_py
[0.721s] running install
[0.721s] running install_lib
[0.723s] running install_data
[0.723s] running install_egg_info
[0.725s] removing '/home/mi/rokey_ws/install/gazebo_nav/lib/python3.10/site-packages/gazebo_nav-0.0.0-py3.10.egg-info' (and everything under it)
[0.725s] Copying ../../build/gazebo_nav/gazebo_nav.egg-info to /home/mi/rokey_ws/install/gazebo_nav/lib/python3.10/site-packages/gazebo_nav-0.0.0-py3.10.egg-info
[0.726s] running install_scripts
[0.748s] Installing follow_waypoints script to /home/mi/rokey_ws/install/gazebo_nav/lib/gazebo_nav
[0.748s] Installing nav_through_poses script to /home/mi/rokey_ws/install/gazebo_nav/lib/gazebo_nav
[0.748s] Installing nav_to_pose script to /home/mi/rokey_ws/install/gazebo_nav/lib/gazebo_nav
[0.748s] Installing yolo_nav_to_obj script to /home/mi/rokey_ws/install/gazebo_nav/lib/gazebo_nav
[0.748s] writing list of installed files to '/home/mi/rokey_ws/build/gazebo_nav/install.log'
[0.791s] Invoked command in '/home/mi/rokey_ws/src/gazebo_nav' returned '0': PYTHONPATH=/home/mi/rokey_ws/build/gazebo_nav/prefix_override:/usr/lib/python3/dist-packages/colcon_core/task/python/colcon_distutils_commands:/home/mi/rokey_ws/install/gazebo_nav/lib/python3.10/site-packages:${PYTHONPATH} /usr/bin/python3 -W ignore:setup.py install is deprecated -W ignore:easy_install command is deprecated setup.py egg_info --egg-base ../../build/gazebo_nav build --build-base /home/mi/rokey_ws/build/gazebo_nav/build install --record /home/mi/rokey_ws/build/gazebo_nav/install.log --single-version-externally-managed install_data
