running develop
Removing /home/mi/rokey_ws/install/day4/lib/python3.10/site-packages/day4.egg-link (link to .)
running egg_info
writing ../../build/day4/day4.egg-info/PKG-INFO
writing dependency_links to ../../build/day4/day4.egg-info/dependency_links.txt
writing entry points to ../../build/day4/day4.egg-info/entry_points.txt
writing requirements to ../../build/day4/day4.egg-info/requires.txt
writing top-level names to ../../build/day4/day4.egg-info/top_level.txt
reading manifest file '../../build/day4/day4.egg-info/SOURCES.txt'
writing manifest file '../../build/day4/day4.egg-info/SOURCES.txt'
running build
running build_py
creating /home/mi/rokey_ws/build/day4/build
creating /home/mi/rokey_ws/build/day4/build/lib
creating /home/mi/rokey_ws/build/day4/build/lib/day4
copying day4/send_waypoint.py -> /home/mi/rokey_ws/build/day4/build/lib/day4
copying day4/4_5_a_depth_checker.py -> /home/mi/rokey_ws/build/day4/build/lib/day4
copying day4/init_pose.py -> /home/mi/rokey_ws/build/day4/build/lib/day4
copying day4/3_5_d_nav_to_person.py -> /home/mi/rokey_ws/build/day4/build/lib/day4
copying day4/view_image.py -> /home/mi/rokey_ws/build/day4/build/lib/day4
copying day4/4_5_b_depth_to_3d.py -> /home/mi/rokey_ws/build/day4/build/lib/day4
copying day4/send_goal_stop.py -> /home/mi/rokey_ws/build/day4/build/lib/day4
copying day4/3_5_c_depth_to_nav_goal.py -> /home/mi/rokey_ws/build/day4/build/lib/day4
copying day4/__init__.py -> /home/mi/rokey_ws/build/day4/build/lib/day4
running install
running install_lib
creating /home/mi/rokey_ws/install/day4/lib/python3.10/site-packages/day4
copying /home/mi/rokey_ws/build/day4/build/lib/day4/send_waypoint.py -> /home/mi/rokey_ws/install/day4/lib/python3.10/site-packages/day4
copying /home/mi/rokey_ws/build/day4/build/lib/day4/4_5_a_depth_checker.py -> /home/mi/rokey_ws/install/day4/lib/python3.10/site-packages/day4
copying /home/mi/rokey_ws/build/day4/build/lib/day4/init_pose.py -> /home/mi/rokey_ws/install/day4/lib/python3.10/site-packages/day4
copying /home/mi/rokey_ws/build/day4/build/lib/day4/3_5_d_nav_to_person.py -> /home/mi/rokey_ws/install/day4/lib/python3.10/site-packages/day4
copying /home/mi/rokey_ws/build/day4/build/lib/day4/view_image.py -> /home/mi/rokey_ws/install/day4/lib/python3.10/site-packages/day4
copying /home/mi/rokey_ws/build/day4/build/lib/day4/4_5_b_depth_to_3d.py -> /home/mi/rokey_ws/install/day4/lib/python3.10/site-packages/day4
copying /home/mi/rokey_ws/build/day4/build/lib/day4/send_goal_stop.py -> /home/mi/rokey_ws/install/day4/lib/python3.10/site-packages/day4
copying /home/mi/rokey_ws/build/day4/build/lib/day4/3_5_c_depth_to_nav_goal.py -> /home/mi/rokey_ws/install/day4/lib/python3.10/site-packages/day4
copying /home/mi/rokey_ws/build/day4/build/lib/day4/__init__.py -> /home/mi/rokey_ws/install/day4/lib/python3.10/site-packages/day4
byte-compiling /home/mi/rokey_ws/install/day4/lib/python3.10/site-packages/day4/send_waypoint.py to send_waypoint.cpython-310.pyc
byte-compiling /home/mi/rokey_ws/install/day4/lib/python3.10/site-packages/day4/4_5_a_depth_checker.py to 4_5_a_depth_checker.cpython-310.pyc
byte-compiling /home/mi/rokey_ws/install/day4/lib/python3.10/site-packages/day4/init_pose.py to init_pose.cpython-310.pyc
byte-compiling /home/mi/rokey_ws/install/day4/lib/python3.10/site-packages/day4/3_5_d_nav_to_person.py to 3_5_d_nav_to_person.cpython-310.pyc
byte-compiling /home/mi/rokey_ws/install/day4/lib/python3.10/site-packages/day4/view_image.py to view_image.cpython-310.pyc
byte-compiling /home/mi/rokey_ws/install/day4/lib/python3.10/site-packages/day4/4_5_b_depth_to_3d.py to 4_5_b_depth_to_3d.cpython-310.pyc
byte-compiling /home/mi/rokey_ws/install/day4/lib/python3.10/site-packages/day4/send_goal_stop.py to send_goal_stop.cpython-310.pyc
byte-compiling /home/mi/rokey_ws/install/day4/lib/python3.10/site-packages/day4/3_5_c_depth_to_nav_goal.py to 3_5_c_depth_to_nav_goal.cpython-310.pyc
byte-compiling /home/mi/rokey_ws/install/day4/lib/python3.10/site-packages/day4/__init__.py to __init__.cpython-310.pyc
running install_data
copying resource/day4 -> /home/mi/rokey_ws/install/day4/share/ament_index/resource_index/packages
copying package.xml -> /home/mi/rokey_ws/install/day4/share/day4
running install_egg_info
Copying ../../build/day4/day4.egg-info to /home/mi/rokey_ws/install/day4/lib/python3.10/site-packages/day4-0.0.0-py3.10.egg-info
running install_scripts
Installing depth_checker script to /home/mi/rokey_ws/install/day4/lib/day4
Installing depth_to_3d script to /home/mi/rokey_ws/install/day4/lib/day4
writing list of installed files to '/home/mi/rokey_ws/build/day4/install.log'
