[0.587s] Invoking command in '/home/mi/rokey_ws/build/day4': PYTHONPATH=/home/mi/rokey_ws/build/day4/prefix_override:/usr/lib/python3/dist-packages/colcon_core/task/python/colcon_distutils_commands:/home/mi/rokey_ws/install/day4/lib/python3.10/site-packages:${PYTHONPATH} /usr/bin/python3 -W ignore:setup.py install is deprecated -W ignore:easy_install command is deprecated setup.py develop --uninstall --editable --build-directory /home/mi/rokey_ws/build/day4/build
[0.807s] running develop
[0.951s] Removing /home/mi/rokey_ws/install/day4/lib/python3.10/site-packages/day4.egg-link (link to .)
[1.003s] Invoked command in '/home/mi/rokey_ws/build/day4' returned '0': PYTHONPATH=/home/mi/rokey_ws/build/day4/prefix_override:/usr/lib/python3/dist-packages/colcon_core/task/python/colcon_distutils_commands:/home/mi/rokey_ws/install/day4/lib/python3.10/site-packages:${PYTHONPATH} /usr/bin/python3 -W ignore:setup.py install is deprecated -W ignore:easy_install command is deprecated setup.py develop --uninstall --editable --build-directory /home/mi/rokey_ws/build/day4/build
[1.005s] Invoking command in '/home/mi/rokey_ws/src/day4': PYTHONPATH=/home/mi/rokey_ws/build/day4/prefix_override:/usr/lib/python3/dist-packages/colcon_core/task/python/colcon_distutils_commands:/home/mi/rokey_ws/install/day4/lib/python3.10/site-packages:${PYTHONPATH} /usr/bin/python3 -W ignore:setup.py install is deprecated -W ignore:easy_install command is deprecated setup.py egg_info --egg-base ../../build/day4 build --build-base /home/mi/rokey_ws/build/day4/build install --record /home/mi/rokey_ws/build/day4/install.log --single-version-externally-managed install_data --force
[1.212s] running egg_info
[1.213s] writing ../../build/day4/day4.egg-info/PKG-INFO
[1.213s] writing dependency_links to ../../build/day4/day4.egg-info/dependency_links.txt
[1.213s] writing entry points to ../../build/day4/day4.egg-info/entry_points.txt
[1.213s] writing requirements to ../../build/day4/day4.egg-info/requires.txt
[1.213s] writing top-level names to ../../build/day4/day4.egg-info/top_level.txt
[1.215s] reading manifest file '../../build/day4/day4.egg-info/SOURCES.txt'
[1.217s] writing manifest file '../../build/day4/day4.egg-info/SOURCES.txt'
[1.217s] running build
[1.217s] running build_py
[1.218s] creating /home/mi/rokey_ws/build/day4/build
[1.218s] creating /home/mi/rokey_ws/build/day4/build/lib
[1.218s] creating /home/mi/rokey_ws/build/day4/build/lib/day4
[1.218s] copying day4/send_waypoint.py -> /home/mi/rokey_ws/build/day4/build/lib/day4
[1.218s] copying day4/4_5_a_depth_checker.py -> /home/mi/rokey_ws/build/day4/build/lib/day4
[1.218s] copying day4/init_pose.py -> /home/mi/rokey_ws/build/day4/build/lib/day4
[1.218s] copying day4/3_5_d_nav_to_person.py -> /home/mi/rokey_ws/build/day4/build/lib/day4
[1.218s] copying day4/view_image.py -> /home/mi/rokey_ws/build/day4/build/lib/day4
[1.218s] copying day4/4_5_b_depth_to_3d.py -> /home/mi/rokey_ws/build/day4/build/lib/day4
[1.218s] copying day4/send_goal_stop.py -> /home/mi/rokey_ws/build/day4/build/lib/day4
[1.218s] copying day4/3_5_c_depth_to_nav_goal.py -> /home/mi/rokey_ws/build/day4/build/lib/day4
[1.218s] copying day4/__init__.py -> /home/mi/rokey_ws/build/day4/build/lib/day4
[1.218s] running install
[1.219s] running install_lib
[1.220s] creating /home/mi/rokey_ws/install/day4/lib/python3.10/site-packages/day4
[1.220s] copying /home/mi/rokey_ws/build/day4/build/lib/day4/send_waypoint.py -> /home/mi/rokey_ws/install/day4/lib/python3.10/site-packages/day4
[1.220s] copying /home/mi/rokey_ws/build/day4/build/lib/day4/4_5_a_depth_checker.py -> /home/mi/rokey_ws/install/day4/lib/python3.10/site-packages/day4
[1.220s] copying /home/mi/rokey_ws/build/day4/build/lib/day4/init_pose.py -> /home/mi/rokey_ws/install/day4/lib/python3.10/site-packages/day4
[1.220s] copying /home/mi/rokey_ws/build/day4/build/lib/day4/3_5_d_nav_to_person.py -> /home/mi/rokey_ws/install/day4/lib/python3.10/site-packages/day4
[1.220s] copying /home/mi/rokey_ws/build/day4/build/lib/day4/view_image.py -> /home/mi/rokey_ws/install/day4/lib/python3.10/site-packages/day4
[1.220s] copying /home/mi/rokey_ws/build/day4/build/lib/day4/4_5_b_depth_to_3d.py -> /home/mi/rokey_ws/install/day4/lib/python3.10/site-packages/day4
[1.220s] copying /home/mi/rokey_ws/build/day4/build/lib/day4/send_goal_stop.py -> /home/mi/rokey_ws/install/day4/lib/python3.10/site-packages/day4
[1.220s] copying /home/mi/rokey_ws/build/day4/build/lib/day4/3_5_c_depth_to_nav_goal.py -> /home/mi/rokey_ws/install/day4/lib/python3.10/site-packages/day4
[1.220s] copying /home/mi/rokey_ws/build/day4/build/lib/day4/__init__.py -> /home/mi/rokey_ws/install/day4/lib/python3.10/site-packages/day4
[1.221s] byte-compiling /home/mi/rokey_ws/install/day4/lib/python3.10/site-packages/day4/send_waypoint.py to send_waypoint.cpython-310.pyc
[1.222s] byte-compiling /home/mi/rokey_ws/install/day4/lib/python3.10/site-packages/day4/4_5_a_depth_checker.py to 4_5_a_depth_checker.cpython-310.pyc
[1.223s] byte-compiling /home/mi/rokey_ws/install/day4/lib/python3.10/site-packages/day4/init_pose.py to init_pose.cpython-310.pyc
[1.223s] byte-compiling /home/mi/rokey_ws/install/day4/lib/python3.10/site-packages/day4/3_5_d_nav_to_person.py to 3_5_d_nav_to_person.cpython-310.pyc
[1.225s] byte-compiling /home/mi/rokey_ws/install/day4/lib/python3.10/site-packages/day4/view_image.py to view_image.cpython-310.pyc
[1.226s] byte-compiling /home/mi/rokey_ws/install/day4/lib/python3.10/site-packages/day4/4_5_b_depth_to_3d.py to 4_5_b_depth_to_3d.cpython-310.pyc
[1.226s] byte-compiling /home/mi/rokey_ws/install/day4/lib/python3.10/site-packages/day4/send_goal_stop.py to send_goal_stop.cpython-310.pyc
[1.227s] byte-compiling /home/mi/rokey_ws/install/day4/lib/python3.10/site-packages/day4/3_5_c_depth_to_nav_goal.py to 3_5_c_depth_to_nav_goal.cpython-310.pyc
[1.228s] byte-compiling /home/mi/rokey_ws/install/day4/lib/python3.10/site-packages/day4/__init__.py to __init__.cpython-310.pyc
[1.229s] running install_data
[1.229s] copying resource/day4 -> /home/mi/rokey_ws/install/day4/share/ament_index/resource_index/packages
[1.229s] copying package.xml -> /home/mi/rokey_ws/install/day4/share/day4
[1.229s] running install_egg_info
[1.231s] Copying ../../build/day4/day4.egg-info to /home/mi/rokey_ws/install/day4/lib/python3.10/site-packages/day4-0.0.0-py3.10.egg-info
[1.233s] running install_scripts
[1.255s] Installing depth_checker script to /home/mi/rokey_ws/install/day4/lib/day4
[1.255s] Installing depth_to_3d script to /home/mi/rokey_ws/install/day4/lib/day4
[1.255s] writing list of installed files to '/home/mi/rokey_ws/build/day4/install.log'
[1.297s] Invoked command in '/home/mi/rokey_ws/src/day4' returned '0': PYTHONPATH=/home/mi/rokey_ws/build/day4/prefix_override:/usr/lib/python3/dist-packages/colcon_core/task/python/colcon_distutils_commands:/home/mi/rokey_ws/install/day4/lib/python3.10/site-packages:${PYTHONPATH} /usr/bin/python3 -W ignore:setup.py install is deprecated -W ignore:easy_install command is deprecated setup.py egg_info --egg-base ../../build/day4 build --build-base /home/mi/rokey_ws/build/day4/build install --record /home/mi/rokey_ws/build/day4/install.log --single-version-externally-managed install_data --force
