[0.596s] Invoking command in '/home/mi/rokey_ws/src/gazebo_nav': PYTHONPATH=/home/mi/rokey_ws/build/gazebo_nav/prefix_override:/usr/lib/python3/dist-packages/colcon_core/task/python/colcon_distutils_commands:/home/mi/rokey_ws/install/gazebo_nav/lib/python3.10/site-packages:${PYTHONPATH} /usr/bin/python3 -W ignore:setup.py install is deprecated -W ignore:easy_install command is deprecated setup.py egg_info --egg-base ../../build/gazebo_nav build --build-base /home/mi/rokey_ws/build/gazebo_nav/build install --record /home/mi/rokey_ws/build/gazebo_nav/install.log --single-version-externally-managed install_data
[0.803s] running egg_info
[0.804s] writing ../../build/gazebo_nav/gazebo_nav.egg-info/PKG-INFO
[0.804s] writing dependency_links to ../../build/gazebo_nav/gazebo_nav.egg-info/dependency_links.txt
[0.804s] writing entry points to ../../build/gazebo_nav/gazebo_nav.egg-info/entry_points.txt
[0.804s] writing requirements to ../../build/gazebo_nav/gazebo_nav.egg-info/requires.txt
[0.805s] writing top-level names to ../../build/gazebo_nav/gazebo_nav.egg-info/top_level.txt
[0.806s] reading manifest file '../../build/gazebo_nav/gazebo_nav.egg-info/SOURCES.txt'
[0.806s] adding license file 'LICENSE'
[0.807s] writing manifest file '../../build/gazebo_nav/gazebo_nav.egg-info/SOURCES.txt'
[0.807s] running build
[0.807s] running build_py
[0.807s] running install
[0.808s] running install_lib
[0.810s] running install_data
[0.810s] running install_egg_info
[0.812s] removing '/home/mi/rokey_ws/install/gazebo_nav/lib/python3.10/site-packages/gazebo_nav-0.0.0-py3.10.egg-info' (and everything under it)
[0.812s] Copying ../../build/gazebo_nav/gazebo_nav.egg-info to /home/mi/rokey_ws/install/gazebo_nav/lib/python3.10/site-packages/gazebo_nav-0.0.0-py3.10.egg-info
[0.812s] running install_scripts
[0.836s] Installing current_pose script to /home/mi/rokey_ws/install/gazebo_nav/lib/gazebo_nav
[0.836s] Installing follow_waypoints script to /home/mi/rokey_ws/install/gazebo_nav/lib/gazebo_nav
[0.836s] Installing goal_pub script to /home/mi/rokey_ws/install/gazebo_nav/lib/gazebo_nav
[0.836s] Installing goal_sub script to /home/mi/rokey_ws/install/gazebo_nav/lib/gazebo_nav
[0.836s] Installing nav_through_poses script to /home/mi/rokey_ws/install/gazebo_nav/lib/gazebo_nav
[0.836s] Installing nav_through_poses_sc script to /home/mi/rokey_ws/install/gazebo_nav/lib/gazebo_nav
[0.836s] Installing nav_to_pose script to /home/mi/rokey_ws/install/gazebo_nav/lib/gazebo_nav
[0.836s] Installing nav_to_pose_sc script to /home/mi/rokey_ws/install/gazebo_nav/lib/gazebo_nav
[0.836s] writing list of installed files to '/home/mi/rokey_ws/build/gazebo_nav/install.log'
[0.878s] Invoked command in '/home/mi/rokey_ws/src/gazebo_nav' returned '0': PYTHONPATH=/home/mi/rokey_ws/build/gazebo_nav/prefix_override:/usr/lib/python3/dist-packages/colcon_core/task/python/colcon_distutils_commands:/home/mi/rokey_ws/install/gazebo_nav/lib/python3.10/site-packages:${PYTHONPATH} /usr/bin/python3 -W ignore:setup.py install is deprecated -W ignore:easy_install command is deprecated setup.py egg_info --egg-base ../../build/gazebo_nav build --build-base /home/mi/rokey_ws/build/gazebo_nav/build install --record /home/mi/rokey_ws/build/gazebo_nav/install.log --single-version-externally-managed install_data
