running egg_info
creating ../../build/gazebo_nav/gazebo_nav.egg-info
writing ../../build/gazebo_nav/gazebo_nav.egg-info/PKG-INFO
writing dependency_links to ../../build/gazebo_nav/gazebo_nav.egg-info/dependency_links.txt
writing entry points to ../../build/gazebo_nav/gazebo_nav.egg-info/entry_points.txt
writing requirements to ../../build/gazebo_nav/gazebo_nav.egg-info/requires.txt
writing top-level names to ../../build/gazebo_nav/gazebo_nav.egg-info/top_level.txt
writing manifest file '../../build/gazebo_nav/gazebo_nav.egg-info/SOURCES.txt'
reading manifest file '../../build/gazebo_nav/gazebo_nav.egg-info/SOURCES.txt'
adding license file 'LICENSE'
writing manifest file '../../build/gazebo_nav/gazebo_nav.egg-info/SOURCES.txt'
running build
running build_py
creating /home/mi/rokey_ws/build/gazebo_nav/build
creating /home/mi/rokey_ws/build/gazebo_nav/build/lib
creating /home/mi/rokey_ws/build/gazebo_nav/build/lib/gazebo_nav
copying gazebo_nav/nav_to_pose.py -> /home/mi/rokey_ws/build/gazebo_nav/build/lib/gazebo_nav
copying gazebo_nav/yolo_nav_to_obj.py -> /home/mi/rokey_ws/build/gazebo_nav/build/lib/gazebo_nav
copying gazebo_nav/follow_waypoints.py -> /home/mi/rokey_ws/build/gazebo_nav/build/lib/gazebo_nav
copying gazebo_nav/nav_through_poses.py -> /home/mi/rokey_ws/build/gazebo_nav/build/lib/gazebo_nav
copying gazebo_nav/__init__.py -> /home/mi/rokey_ws/build/gazebo_nav/build/lib/gazebo_nav
running install
running install_lib
creating /home/mi/rokey_ws/install/gazebo_nav/lib/python3.10/site-packages/gazebo_nav
copying /home/mi/rokey_ws/build/gazebo_nav/build/lib/gazebo_nav/nav_to_pose.py -> /home/mi/rokey_ws/install/gazebo_nav/lib/python3.10/site-packages/gazebo_nav
copying /home/mi/rokey_ws/build/gazebo_nav/build/lib/gazebo_nav/yolo_nav_to_obj.py -> /home/mi/rokey_ws/install/gazebo_nav/lib/python3.10/site-packages/gazebo_nav
copying /home/mi/rokey_ws/build/gazebo_nav/build/lib/gazebo_nav/follow_waypoints.py -> /home/mi/rokey_ws/install/gazebo_nav/lib/python3.10/site-packages/gazebo_nav
copying /home/mi/rokey_ws/build/gazebo_nav/build/lib/gazebo_nav/nav_through_poses.py -> /home/mi/rokey_ws/install/gazebo_nav/lib/python3.10/site-packages/gazebo_nav
copying /home/mi/rokey_ws/build/gazebo_nav/build/lib/gazebo_nav/__init__.py -> /home/mi/rokey_ws/install/gazebo_nav/lib/python3.10/site-packages/gazebo_nav
byte-compiling /home/mi/rokey_ws/install/gazebo_nav/lib/python3.10/site-packages/gazebo_nav/nav_to_pose.py to nav_to_pose.cpython-310.pyc
byte-compiling /home/mi/rokey_ws/install/gazebo_nav/lib/python3.10/site-packages/gazebo_nav/yolo_nav_to_obj.py to yolo_nav_to_obj.cpython-310.pyc
byte-compiling /home/mi/rokey_ws/install/gazebo_nav/lib/python3.10/site-packages/gazebo_nav/follow_waypoints.py to follow_waypoints.cpython-310.pyc
byte-compiling /home/mi/rokey_ws/install/gazebo_nav/lib/python3.10/site-packages/gazebo_nav/nav_through_poses.py to nav_through_poses.cpython-310.pyc
byte-compiling /home/mi/rokey_ws/install/gazebo_nav/lib/python3.10/site-packages/gazebo_nav/__init__.py to __init__.cpython-310.pyc
running install_data
creating /home/mi/rokey_ws/install/gazebo_nav/share/ament_index
creating /home/mi/rokey_ws/install/gazebo_nav/share/ament_index/resource_index
creating /home/mi/rokey_ws/install/gazebo_nav/share/ament_index/resource_index/packages
copying resource/gazebo_nav -> /home/mi/rokey_ws/install/gazebo_nav/share/ament_index/resource_index/packages
copying package.xml -> /home/mi/rokey_ws/install/gazebo_nav/share/gazebo_nav
running install_egg_info
Copying ../../build/gazebo_nav/gazebo_nav.egg-info to /home/mi/rokey_ws/install/gazebo_nav/lib/python3.10/site-packages/gazebo_nav-0.0.0-py3.10.egg-info
running install_scripts
Installing follow_waypoints script to /home/mi/rokey_ws/install/gazebo_nav/lib/gazebo_nav
Installing nav_through_poses script to /home/mi/rokey_ws/install/gazebo_nav/lib/gazebo_nav
Installing nav_to_pose script to /home/mi/rokey_ws/install/gazebo_nav/lib/gazebo_nav
writing list of installed files to '/home/mi/rokey_ws/build/gazebo_nav/install.log'
