[0.506s] Invoking command in '/home/mi/rokey_ws/src/gazebo_nav': PYTHONPATH=/home/mi/rokey_ws/build/gazebo_nav/prefix_override:/usr/lib/python3/dist-packages/colcon_core/task/python/colcon_distutils_commands:/home/mi/rokey_ws/install/gazebo_nav/lib/python3.10/site-packages:${PYTHONPATH} /usr/bin/python3 -W ignore:setup.py install is deprecated -W ignore:easy_install command is deprecated setup.py egg_info --egg-base ../../build/gazebo_nav build --build-base /home/mi/rokey_ws/build/gazebo_nav/build install --record /home/mi/rokey_ws/build/gazebo_nav/install.log --single-version-externally-managed install_data
[0.676s] running egg_info
[0.676s] creating ../../build/gazebo_nav/gazebo_nav.egg-info
[0.676s] writing ../../build/gazebo_nav/gazebo_nav.egg-info/PKG-INFO
[0.676s] writing dependency_links to ../../build/gazebo_nav/gazebo_nav.egg-info/dependency_links.txt
[0.676s] writing entry points to ../../build/gazebo_nav/gazebo_nav.egg-info/entry_points.txt
[0.676s] writing requirements to ../../build/gazebo_nav/gazebo_nav.egg-info/requires.txt
[0.676s] writing top-level names to ../../build/gazebo_nav/gazebo_nav.egg-info/top_level.txt
[0.677s] writing manifest file '../../build/gazebo_nav/gazebo_nav.egg-info/SOURCES.txt'
[0.677s] reading manifest file '../../build/gazebo_nav/gazebo_nav.egg-info/SOURCES.txt'
[0.678s] adding license file 'LICENSE'
[0.678s] writing manifest file '../../build/gazebo_nav/gazebo_nav.egg-info/SOURCES.txt'
[0.678s] running build
[0.678s] running build_py
[0.678s] creating /home/mi/rokey_ws/build/gazebo_nav/build
[0.678s] creating /home/mi/rokey_ws/build/gazebo_nav/build/lib
[0.678s] creating /home/mi/rokey_ws/build/gazebo_nav/build/lib/gazebo_nav
[0.678s] copying gazebo_nav/nav_to_pose.py -> /home/mi/rokey_ws/build/gazebo_nav/build/lib/gazebo_nav
[0.678s] copying gazebo_nav/yolo_nav_to_obj.py -> /home/mi/rokey_ws/build/gazebo_nav/build/lib/gazebo_nav
[0.678s] copying gazebo_nav/follow_waypoints.py -> /home/mi/rokey_ws/build/gazebo_nav/build/lib/gazebo_nav
[0.678s] copying gazebo_nav/nav_through_poses.py -> /home/mi/rokey_ws/build/gazebo_nav/build/lib/gazebo_nav
[0.678s] copying gazebo_nav/__init__.py -> /home/mi/rokey_ws/build/gazebo_nav/build/lib/gazebo_nav
[0.678s] running install
[0.679s] running install_lib
[0.679s] creating /home/mi/rokey_ws/install/gazebo_nav/lib/python3.10/site-packages/gazebo_nav
[0.679s] copying /home/mi/rokey_ws/build/gazebo_nav/build/lib/gazebo_nav/nav_to_pose.py -> /home/mi/rokey_ws/install/gazebo_nav/lib/python3.10/site-packages/gazebo_nav
[0.679s] copying /home/mi/rokey_ws/build/gazebo_nav/build/lib/gazebo_nav/yolo_nav_to_obj.py -> /home/mi/rokey_ws/install/gazebo_nav/lib/python3.10/site-packages/gazebo_nav
[0.679s] copying /home/mi/rokey_ws/build/gazebo_nav/build/lib/gazebo_nav/follow_waypoints.py -> /home/mi/rokey_ws/install/gazebo_nav/lib/python3.10/site-packages/gazebo_nav
[0.680s] copying /home/mi/rokey_ws/build/gazebo_nav/build/lib/gazebo_nav/nav_through_poses.py -> /home/mi/rokey_ws/install/gazebo_nav/lib/python3.10/site-packages/gazebo_nav
[0.680s] copying /home/mi/rokey_ws/build/gazebo_nav/build/lib/gazebo_nav/__init__.py -> /home/mi/rokey_ws/install/gazebo_nav/lib/python3.10/site-packages/gazebo_nav
[0.680s] byte-compiling /home/mi/rokey_ws/install/gazebo_nav/lib/python3.10/site-packages/gazebo_nav/nav_to_pose.py to nav_to_pose.cpython-310.pyc
[0.680s] byte-compiling /home/mi/rokey_ws/install/gazebo_nav/lib/python3.10/site-packages/gazebo_nav/yolo_nav_to_obj.py to yolo_nav_to_obj.cpython-310.pyc
[0.681s] byte-compiling /home/mi/rokey_ws/install/gazebo_nav/lib/python3.10/site-packages/gazebo_nav/follow_waypoints.py to follow_waypoints.cpython-310.pyc
[0.681s] byte-compiling /home/mi/rokey_ws/install/gazebo_nav/lib/python3.10/site-packages/gazebo_nav/nav_through_poses.py to nav_through_poses.cpython-310.pyc
[0.682s] byte-compiling /home/mi/rokey_ws/install/gazebo_nav/lib/python3.10/site-packages/gazebo_nav/__init__.py to __init__.cpython-310.pyc
[0.682s] running install_data
[0.682s] creating /home/mi/rokey_ws/install/gazebo_nav/share/ament_index
[0.682s] creating /home/mi/rokey_ws/install/gazebo_nav/share/ament_index/resource_index
[0.682s] creating /home/mi/rokey_ws/install/gazebo_nav/share/ament_index/resource_index/packages
[0.682s] copying resource/gazebo_nav -> /home/mi/rokey_ws/install/gazebo_nav/share/ament_index/resource_index/packages
[0.682s] copying package.xml -> /home/mi/rokey_ws/install/gazebo_nav/share/gazebo_nav
[0.682s] running install_egg_info
[0.683s] Copying ../../build/gazebo_nav/gazebo_nav.egg-info to /home/mi/rokey_ws/install/gazebo_nav/lib/python3.10/site-packages/gazebo_nav-0.0.0-py3.10.egg-info
[0.684s] running install_scripts
[0.700s] Installing follow_waypoints script to /home/mi/rokey_ws/install/gazebo_nav/lib/gazebo_nav
[0.700s] Installing nav_through_poses script to /home/mi/rokey_ws/install/gazebo_nav/lib/gazebo_nav
[0.700s] Installing nav_to_pose script to /home/mi/rokey_ws/install/gazebo_nav/lib/gazebo_nav
[0.700s] writing list of installed files to '/home/mi/rokey_ws/build/gazebo_nav/install.log'
[0.728s] Invoked command in '/home/mi/rokey_ws/src/gazebo_nav' returned '0': PYTHONPATH=/home/mi/rokey_ws/build/gazebo_nav/prefix_override:/usr/lib/python3/dist-packages/colcon_core/task/python/colcon_distutils_commands:/home/mi/rokey_ws/install/gazebo_nav/lib/python3.10/site-packages:${PYTHONPATH} /usr/bin/python3 -W ignore:setup.py install is deprecated -W ignore:easy_install command is deprecated setup.py egg_info --egg-base ../../build/gazebo_nav build --build-base /home/mi/rokey_ws/build/gazebo_nav/build install --record /home/mi/rokey_ws/build/gazebo_nav/install.log --single-version-externally-managed install_data
