/home/mi/rokey_ws/install/day4/lib/python3.10/site-packages/day4/send_waypoint.py
/home/mi/rokey_ws/install/day4/lib/python3.10/site-packages/day4/4_5_a_depth_checker.py
/home/mi/rokey_ws/install/day4/lib/python3.10/site-packages/day4/init_pose.py
/home/mi/rokey_ws/install/day4/lib/python3.10/site-packages/day4/3_5_d_nav_to_person.py
/home/mi/rokey_ws/install/day4/lib/python3.10/site-packages/day4/view_image.py
/home/mi/rokey_ws/install/day4/lib/python3.10/site-packages/day4/4_5_b_depth_to_3d.py
/home/mi/rokey_ws/install/day4/lib/python3.10/site-packages/day4/send_goal_stop.py
/home/mi/rokey_ws/install/day4/lib/python3.10/site-packages/day4/3_5_c_depth_to_nav_goal.py
/home/mi/rokey_ws/install/day4/lib/python3.10/site-packages/day4/__init__.py
/home/mi/rokey_ws/install/day4/lib/python3.10/site-packages/day4/__pycache__/send_waypoint.cpython-310.pyc
/home/mi/rokey_ws/install/day4/lib/python3.10/site-packages/day4/__pycache__/4_5_a_depth_checker.cpython-310.pyc
/home/mi/rokey_ws/install/day4/lib/python3.10/site-packages/day4/__pycache__/init_pose.cpython-310.pyc
/home/mi/rokey_ws/install/day4/lib/python3.10/site-packages/day4/__pycache__/3_5_d_nav_to_person.cpython-310.pyc
/home/mi/rokey_ws/install/day4/lib/python3.10/site-packages/day4/__pycache__/view_image.cpython-310.pyc
/home/mi/rokey_ws/install/day4/lib/python3.10/site-packages/day4/__pycache__/4_5_b_depth_to_3d.cpython-310.pyc
/home/mi/rokey_ws/install/day4/lib/python3.10/site-packages/day4/__pycache__/send_goal_stop.cpython-310.pyc
/home/mi/rokey_ws/install/day4/lib/python3.10/site-packages/day4/__pycache__/3_5_c_depth_to_nav_goal.cpython-310.pyc
/home/mi/rokey_ws/install/day4/lib/python3.10/site-packages/day4/__pycache__/__init__.cpython-310.pyc
/home/mi/rokey_ws/install/day4/share/ament_index/resource_index/packages/day4
/home/mi/rokey_ws/install/day4/share/day4/package.xml
/home/mi/rokey_ws/install/day4/lib/python3.10/site-packages/day4-0.0.0-py3.10.egg-info/PKG-INFO
/home/mi/rokey_ws/install/day4/lib/python3.10/site-packages/day4-0.0.0-py3.10.egg-info/SOURCES.txt
/home/mi/rokey_ws/install/day4/lib/python3.10/site-packages/day4-0.0.0-py3.10.egg-info/dependency_links.txt
/home/mi/rokey_ws/install/day4/lib/python3.10/site-packages/day4-0.0.0-py3.10.egg-info/entry_points.txt
/home/mi/rokey_ws/install/day4/lib/python3.10/site-packages/day4-0.0.0-py3.10.egg-info/requires.txt
/home/mi/rokey_ws/install/day4/lib/python3.10/site-packages/day4-0.0.0-py3.10.egg-info/zip-safe
/home/mi/rokey_ws/install/day4/lib/python3.10/site-packages/day4-0.0.0-py3.10.egg-info/top_level.txt
/home/mi/rokey_ws/install/day4/lib/day4/depth_checker
/home/mi/rokey_ws/install/day4/lib/day4/depth_to_3d
/home/mi/rokey_ws/install/day4/lib/day4/depth_to_goal
/home/mi/rokey_ws/install/day4/lib/day4/nav_to_person
