[0.493s] Invoking command in '/home/mi/rokey_ws/src/gazebo_nav': PYTHONPATH=/home/mi/rokey_ws/build/gazebo_nav/prefix_override:/usr/lib/python3/dist-packages/colcon_core/task/python/colcon_distutils_commands:/home/mi/rokey_ws/install/gazebo_nav/lib/python3.10/site-packages:${PYTHONPATH} /usr/bin/python3 -W ignore:setup.py install is deprecated -W ignore:easy_install command is deprecated setup.py egg_info --egg-base ../../build/gazebo_nav build --build-base /home/mi/rokey_ws/build/gazebo_nav/build install --record /home/mi/rokey_ws/build/gazebo_nav/install.log --single-version-externally-managed install_data
[0.665s] running egg_info
[0.665s] writing ../../build/gazebo_nav/gazebo_nav.egg-info/PKG-INFO
[0.665s] writing dependency_links to ../../build/gazebo_nav/gazebo_nav.egg-info/dependency_links.txt
[0.666s] writing entry points to ../../build/gazebo_nav/gazebo_nav.egg-info/entry_points.txt
[0.666s] writing requirements to ../../build/gazebo_nav/gazebo_nav.egg-info/requires.txt
[0.666s] writing top-level names to ../../build/gazebo_nav/gazebo_nav.egg-info/top_level.txt
[0.667s] reading manifest file '../../build/gazebo_nav/gazebo_nav.egg-info/SOURCES.txt'
[0.667s] adding license file 'LICENSE'
[0.667s] writing manifest file '../../build/gazebo_nav/gazebo_nav.egg-info/SOURCES.txt'
[0.667s] running build
[0.667s] running build_py
[0.667s] copying gazebo_nav/obj_goal_pose_subscriber.py -> /home/mi/rokey_ws/build/gazebo_nav/build/lib/gazebo_nav
[0.668s] copying gazebo_nav/obj_goal_pose_publisher.py -> /home/mi/rokey_ws/build/gazebo_nav/build/lib/gazebo_nav
[0.668s] running install
[0.668s] running install_lib
[0.669s] copying /home/mi/rokey_ws/build/gazebo_nav/build/lib/gazebo_nav/obj_goal_pose_subscriber.py -> /home/mi/rokey_ws/install/gazebo_nav/lib/python3.10/site-packages/gazebo_nav
[0.669s] copying /home/mi/rokey_ws/build/gazebo_nav/build/lib/gazebo_nav/obj_goal_pose_publisher.py -> /home/mi/rokey_ws/install/gazebo_nav/lib/python3.10/site-packages/gazebo_nav
[0.669s] byte-compiling /home/mi/rokey_ws/install/gazebo_nav/lib/python3.10/site-packages/gazebo_nav/obj_goal_pose_subscriber.py to obj_goal_pose_subscriber.cpython-310.pyc
[0.670s] byte-compiling /home/mi/rokey_ws/install/gazebo_nav/lib/python3.10/site-packages/gazebo_nav/obj_goal_pose_publisher.py to obj_goal_pose_publisher.cpython-310.pyc
[0.671s] running install_data
[0.671s] running install_egg_info
[0.673s] removing '/home/mi/rokey_ws/install/gazebo_nav/lib/python3.10/site-packages/gazebo_nav-0.0.0-py3.10.egg-info' (and everything under it)
[0.673s] Copying ../../build/gazebo_nav/gazebo_nav.egg-info to /home/mi/rokey_ws/install/gazebo_nav/lib/python3.10/site-packages/gazebo_nav-0.0.0-py3.10.egg-info
[0.673s] running install_scripts
[0.690s] Installing follow_waypoints script to /home/mi/rokey_ws/install/gazebo_nav/lib/gazebo_nav
[0.690s] Installing nav_through_poses script to /home/mi/rokey_ws/install/gazebo_nav/lib/gazebo_nav
[0.690s] Installing nav_to_pose script to /home/mi/rokey_ws/install/gazebo_nav/lib/gazebo_nav
[0.690s] Installing yolo_nav_to_obj script to /home/mi/rokey_ws/install/gazebo_nav/lib/gazebo_nav
[0.691s] writing list of installed files to '/home/mi/rokey_ws/build/gazebo_nav/install.log'
[0.718s] Invoked command in '/home/mi/rokey_ws/src/gazebo_nav' returned '0': PYTHONPATH=/home/mi/rokey_ws/build/gazebo_nav/prefix_override:/usr/lib/python3/dist-packages/colcon_core/task/python/colcon_distutils_commands:/home/mi/rokey_ws/install/gazebo_nav/lib/python3.10/site-packages:${PYTHONPATH} /usr/bin/python3 -W ignore:setup.py install is deprecated -W ignore:easy_install command is deprecated setup.py egg_info --egg-base ../../build/gazebo_nav build --build-base /home/mi/rokey_ws/build/gazebo_nav/build install --record /home/mi/rokey_ws/build/gazebo_nav/install.log --single-version-externally-managed install_data
