/home/mi/rokey_ws/install/gazebo_nav/lib/python3.10/site-packages/gazebo_nav/follow_waypoints_sc.py
/home/mi/rokey_ws/install/gazebo_nav/lib/python3.10/site-packages/gazebo_nav/nav_to_pose_sc.py
/home/mi/rokey_ws/install/gazebo_nav/lib/python3.10/site-packages/gazebo_nav/nav_to_pose.py
/home/mi/rokey_ws/install/gazebo_nav/lib/python3.10/site-packages/gazebo_nav/current_pose_checker.py
/home/mi/rokey_ws/install/gazebo_nav/lib/python3.10/site-packages/gazebo_nav/follow_waypoints.py
/home/mi/rokey_ws/install/gazebo_nav/lib/python3.10/site-packages/gazebo_nav/obj_goal_pose_subscriber.py
/home/mi/rokey_ws/install/gazebo_nav/lib/python3.10/site-packages/gazebo_nav/obj_goal_pose_publisher.py
/home/mi/rokey_ws/install/gazebo_nav/lib/python3.10/site-packages/gazebo_nav/nav_through_poses_sc.py
/home/mi/rokey_ws/install/gazebo_nav/lib/python3.10/site-packages/gazebo_nav/nav_through_poses.py
/home/mi/rokey_ws/install/gazebo_nav/lib/python3.10/site-packages/gazebo_nav/current_pose_checker copy.py
/home/mi/rokey_ws/install/gazebo_nav/lib/python3.10/site-packages/gazebo_nav/__init__.py
/home/mi/rokey_ws/install/gazebo_nav/lib/python3.10/site-packages/gazebo_nav/__pycache__/follow_waypoints_sc.cpython-310.pyc
/home/mi/rokey_ws/install/gazebo_nav/lib/python3.10/site-packages/gazebo_nav/__pycache__/nav_to_pose_sc.cpython-310.pyc
/home/mi/rokey_ws/install/gazebo_nav/lib/python3.10/site-packages/gazebo_nav/__pycache__/nav_to_pose.cpython-310.pyc
/home/mi/rokey_ws/install/gazebo_nav/lib/python3.10/site-packages/gazebo_nav/__pycache__/current_pose_checker.cpython-310.pyc
/home/mi/rokey_ws/install/gazebo_nav/lib/python3.10/site-packages/gazebo_nav/__pycache__/follow_waypoints.cpython-310.pyc
/home/mi/rokey_ws/install/gazebo_nav/lib/python3.10/site-packages/gazebo_nav/__pycache__/obj_goal_pose_subscriber.cpython-310.pyc
/home/mi/rokey_ws/install/gazebo_nav/lib/python3.10/site-packages/gazebo_nav/__pycache__/obj_goal_pose_publisher.cpython-310.pyc
/home/mi/rokey_ws/install/gazebo_nav/lib/python3.10/site-packages/gazebo_nav/__pycache__/nav_through_poses_sc.cpython-310.pyc
/home/mi/rokey_ws/install/gazebo_nav/lib/python3.10/site-packages/gazebo_nav/__pycache__/nav_through_poses.cpython-310.pyc
/home/mi/rokey_ws/install/gazebo_nav/lib/python3.10/site-packages/gazebo_nav/__pycache__/current_pose_checker copy.cpython-310.pyc
/home/mi/rokey_ws/install/gazebo_nav/lib/python3.10/site-packages/gazebo_nav/__pycache__/__init__.cpython-310.pyc
/home/mi/rokey_ws/install/gazebo_nav/share/ament_index/resource_index/packages/gazebo_nav
/home/mi/rokey_ws/install/gazebo_nav/share/gazebo_nav/package.xml
/home/mi/rokey_ws/install/gazebo_nav/lib/python3.10/site-packages/gazebo_nav-0.0.0-py3.10.egg-info/PKG-INFO
/home/mi/rokey_ws/install/gazebo_nav/lib/python3.10/site-packages/gazebo_nav-0.0.0-py3.10.egg-info/SOURCES.txt
/home/mi/rokey_ws/install/gazebo_nav/lib/python3.10/site-packages/gazebo_nav-0.0.0-py3.10.egg-info/dependency_links.txt
/home/mi/rokey_ws/install/gazebo_nav/lib/python3.10/site-packages/gazebo_nav-0.0.0-py3.10.egg-info/entry_points.txt
/home/mi/rokey_ws/install/gazebo_nav/lib/python3.10/site-packages/gazebo_nav-0.0.0-py3.10.egg-info/requires.txt
/home/mi/rokey_ws/install/gazebo_nav/lib/python3.10/site-packages/gazebo_nav-0.0.0-py3.10.egg-info/zip-safe
/home/mi/rokey_ws/install/gazebo_nav/lib/python3.10/site-packages/gazebo_nav-0.0.0-py3.10.egg-info/top_level.txt
/home/mi/rokey_ws/install/gazebo_nav/lib/gazebo_nav/current_pose
/home/mi/rokey_ws/install/gazebo_nav/lib/gazebo_nav/follow_waypoints
/home/mi/rokey_ws/install/gazebo_nav/lib/gazebo_nav/follow_waypoints_sc
/home/mi/rokey_ws/install/gazebo_nav/lib/gazebo_nav/goal_pub
/home/mi/rokey_ws/install/gazebo_nav/lib/gazebo_nav/goal_sub
/home/mi/rokey_ws/install/gazebo_nav/lib/gazebo_nav/nav_through_poses
/home/mi/rokey_ws/install/gazebo_nav/lib/gazebo_nav/nav_through_poses_sc
/home/mi/rokey_ws/install/gazebo_nav/lib/gazebo_nav/nav_to_pose
/home/mi/rokey_ws/install/gazebo_nav/lib/gazebo_nav/nav_to_pose_sc
