[0.845s] Invoking command in '/home/mi/rokey_ws/src/gazebo_nav': PYTHONPATH=/home/mi/rokey_ws/build/gazebo_nav/prefix_override:/usr/lib/python3/dist-packages/colcon_core/task/python/colcon_distutils_commands:/home/mi/rokey_ws/install/gazebo_nav/lib/python3.10/site-packages:${PYTHONPATH} /usr/bin/python3 -W ignore:setup.py install is deprecated -W ignore:easy_install command is deprecated setup.py egg_info --egg-base ../../build/gazebo_nav build --build-base /home/mi/rokey_ws/build/gazebo_nav/build install --record /home/mi/rokey_ws/build/gazebo_nav/install.log --single-version-externally-managed install_data
[1.130s] running egg_info
[1.131s] writing ../../build/gazebo_nav/gazebo_nav.egg-info/PKG-INFO
[1.131s] writing dependency_links to ../../build/gazebo_nav/gazebo_nav.egg-info/dependency_links.txt
[1.132s] writing entry points to ../../build/gazebo_nav/gazebo_nav.egg-info/entry_points.txt
[1.132s] writing requirements to ../../build/gazebo_nav/gazebo_nav.egg-info/requires.txt
[1.132s] writing top-level names to ../../build/gazebo_nav/gazebo_nav.egg-info/top_level.txt
[1.135s] reading manifest file '../../build/gazebo_nav/gazebo_nav.egg-info/SOURCES.txt'
[1.135s] adding license file 'LICENSE'
[1.136s] writing manifest file '../../build/gazebo_nav/gazebo_nav.egg-info/SOURCES.txt'
[1.136s] running build
[1.136s] running build_py
[1.136s] copying gazebo_nav/obj_goal_pose_subscriber.py -> /home/mi/rokey_ws/build/gazebo_nav/build/lib/gazebo_nav
[1.137s] running install
[1.138s] running install_lib
[1.139s] copying /home/mi/rokey_ws/build/gazebo_nav/build/lib/gazebo_nav/obj_goal_pose_subscriber.py -> /home/mi/rokey_ws/install/gazebo_nav/lib/python3.10/site-packages/gazebo_nav
[1.140s] byte-compiling /home/mi/rokey_ws/install/gazebo_nav/lib/python3.10/site-packages/gazebo_nav/obj_goal_pose_subscriber.py to obj_goal_pose_subscriber.cpython-310.pyc
[1.141s] running install_data
[1.141s] running install_egg_info
[1.144s] removing '/home/mi/rokey_ws/install/gazebo_nav/lib/python3.10/site-packages/gazebo_nav-0.0.0-py3.10.egg-info' (and everything under it)
[1.144s] Copying ../../build/gazebo_nav/gazebo_nav.egg-info to /home/mi/rokey_ws/install/gazebo_nav/lib/python3.10/site-packages/gazebo_nav-0.0.0-py3.10.egg-info
[1.145s] running install_scripts
[1.176s] Installing follow_waypoints script to /home/mi/rokey_ws/install/gazebo_nav/lib/gazebo_nav
[1.176s] Installing goal_pub script to /home/mi/rokey_ws/install/gazebo_nav/lib/gazebo_nav
[1.176s] Installing goal_sub script to /home/mi/rokey_ws/install/gazebo_nav/lib/gazebo_nav
[1.176s] Installing nav_through_poses script to /home/mi/rokey_ws/install/gazebo_nav/lib/gazebo_nav
[1.176s] Installing nav_to_pose script to /home/mi/rokey_ws/install/gazebo_nav/lib/gazebo_nav
[1.177s] writing list of installed files to '/home/mi/rokey_ws/build/gazebo_nav/install.log'
[1.243s] Invoked command in '/home/mi/rokey_ws/src/gazebo_nav' returned '0': PYTHONPATH=/home/mi/rokey_ws/build/gazebo_nav/prefix_override:/usr/lib/python3/dist-packages/colcon_core/task/python/colcon_distutils_commands:/home/mi/rokey_ws/install/gazebo_nav/lib/python3.10/site-packages:${PYTHONPATH} /usr/bin/python3 -W ignore:setup.py install is deprecated -W ignore:easy_install command is deprecated setup.py egg_info --egg-base ../../build/gazebo_nav build --build-base /home/mi/rokey_ws/build/gazebo_nav/build install --record /home/mi/rokey_ws/build/gazebo_nav/install.log --single-version-externally-managed install_data
