[0.474s] Invoking command in '/home/mi/rokey_ws/src/rokey_pjt': PYTHONPATH=/home/mi/rokey_ws/build/rokey_pjt/prefix_override:/usr/lib/python3/dist-packages/colcon_core/task/python/colcon_distutils_commands:/home/mi/rokey_ws/install/rokey_pjt/lib/python3.10/site-packages:${PYTHONPATH} /usr/bin/python3 -W ignore:setup.py install is deprecated -W ignore:easy_install command is deprecated setup.py egg_info --egg-base ../../build/rokey_pjt build --build-base /home/mi/rokey_ws/build/rokey_pjt/build install --record /home/mi/rokey_ws/build/rokey_pjt/install.log --single-version-externally-managed install_data
[0.646s] running egg_info
[0.646s] writing ../../build/rokey_pjt/rokey_pjt.egg-info/PKG-INFO
[0.647s] writing dependency_links to ../../build/rokey_pjt/rokey_pjt.egg-info/dependency_links.txt
[0.647s] writing entry points to ../../build/rokey_pjt/rokey_pjt.egg-info/entry_points.txt
[0.647s] writing requirements to ../../build/rokey_pjt/rokey_pjt.egg-info/requires.txt
[0.647s] writing top-level names to ../../build/rokey_pjt/rokey_pjt.egg-info/top_level.txt
[0.648s] reading manifest file '../../build/rokey_pjt/rokey_pjt.egg-info/SOURCES.txt'
[0.648s] adding license file 'LICENSE'
[0.649s] writing manifest file '../../build/rokey_pjt/rokey_pjt.egg-info/SOURCES.txt'
[0.649s] running build
[0.649s] running build_py
[0.649s] copying rokey_pjt/7_obj_goal_pose_publisher.py -> /home/mi/rokey_ws/build/rokey_pjt/build/lib/rokey_pjt
[0.649s] copying rokey_pjt/5_tb4_yolo_depth_object_xyz.py -> /home/mi/rokey_ws/build/rokey_pjt/build/lib/rokey_pjt
[0.650s] copying rokey_pjt/5_tb4_yolo_depth_object_xyz copy.py -> /home/mi/rokey_ws/build/rokey_pjt/build/lib/rokey_pjt
[0.650s] copying rokey_pjt/7_obj_goal_pose_subscriber.py -> /home/mi/rokey_ws/build/rokey_pjt/build/lib/rokey_pjt
[0.650s] running install
[0.650s] running install_lib
[0.651s] copying /home/mi/rokey_ws/build/rokey_pjt/build/lib/rokey_pjt/7_obj_goal_pose_publisher.py -> /home/mi/rokey_ws/install/rokey_pjt/lib/python3.10/site-packages/rokey_pjt
[0.651s] copying /home/mi/rokey_ws/build/rokey_pjt/build/lib/rokey_pjt/5_tb4_yolo_depth_object_xyz.py -> /home/mi/rokey_ws/install/rokey_pjt/lib/python3.10/site-packages/rokey_pjt
[0.651s] copying /home/mi/rokey_ws/build/rokey_pjt/build/lib/rokey_pjt/5_tb4_yolo_depth_object_xyz copy.py -> /home/mi/rokey_ws/install/rokey_pjt/lib/python3.10/site-packages/rokey_pjt
[0.651s] copying /home/mi/rokey_ws/build/rokey_pjt/build/lib/rokey_pjt/7_obj_goal_pose_subscriber.py -> /home/mi/rokey_ws/install/rokey_pjt/lib/python3.10/site-packages/rokey_pjt
[0.652s] byte-compiling /home/mi/rokey_ws/install/rokey_pjt/lib/python3.10/site-packages/rokey_pjt/7_obj_goal_pose_publisher.py to 7_obj_goal_pose_publisher.cpython-310.pyc
[0.653s] byte-compiling /home/mi/rokey_ws/install/rokey_pjt/lib/python3.10/site-packages/rokey_pjt/5_tb4_yolo_depth_object_xyz.py to 5_tb4_yolo_depth_object_xyz.cpython-310.pyc
[0.654s] byte-compiling /home/mi/rokey_ws/install/rokey_pjt/lib/python3.10/site-packages/rokey_pjt/5_tb4_yolo_depth_object_xyz copy.py to 5_tb4_yolo_depth_object_xyz copy.cpython-310.pyc
[0.655s] byte-compiling /home/mi/rokey_ws/install/rokey_pjt/lib/python3.10/site-packages/rokey_pjt/7_obj_goal_pose_subscriber.py to 7_obj_goal_pose_subscriber.cpython-310.pyc
[0.656s] running install_data
[0.656s] running install_egg_info
[0.657s] removing '/home/mi/rokey_ws/install/rokey_pjt/lib/python3.10/site-packages/rokey_pjt-0.0.0-py3.10.egg-info' (and everything under it)
[0.658s] Copying ../../build/rokey_pjt/rokey_pjt.egg-info to /home/mi/rokey_ws/install/rokey_pjt/lib/python3.10/site-packages/rokey_pjt-0.0.0-py3.10.egg-info
[0.658s] running install_scripts
[0.675s] Installing capture_image script to /home/mi/rokey_ws/install/rokey_pjt/lib/rokey_pjt
[0.675s] Installing cont_cap_image script to /home/mi/rokey_ws/install/rokey_pjt/lib/rokey_pjt
[0.675s] Installing crop_image script to /home/mi/rokey_ws/install/rokey_pjt/lib/rokey_pjt
[0.675s] Installing depth_check script to /home/mi/rokey_ws/install/rokey_pjt/lib/rokey_pjt
[0.676s] Installing det_obj script to /home/mi/rokey_ws/install/rokey_pjt/lib/rokey_pjt
[0.676s] Installing det_obj_thread script to /home/mi/rokey_ws/install/rokey_pjt/lib/rokey_pjt
[0.676s] Installing det_obj_track script to /home/mi/rokey_ws/install/rokey_pjt/lib/rokey_pjt
[0.676s] Installing follow_waypoints script to /home/mi/rokey_ws/install/rokey_pjt/lib/rokey_pjt
[0.676s] Installing follow_waypoints_sc script to /home/mi/rokey_ws/install/rokey_pjt/lib/rokey_pjt
[0.676s] Installing nav_through_poses script to /home/mi/rokey_ws/install/rokey_pjt/lib/rokey_pjt
[0.676s] Installing nav_through_poses_sc script to /home/mi/rokey_ws/install/rokey_pjt/lib/rokey_pjt
[0.676s] Installing nav_to_pose script to /home/mi/rokey_ws/install/rokey_pjt/lib/rokey_pjt
[0.676s] Installing nav_to_pose_sc script to /home/mi/rokey_ws/install/rokey_pjt/lib/rokey_pjt
[0.676s] Installing object_xyz script to /home/mi/rokey_ws/install/rokey_pjt/lib/rokey_pjt
[0.676s] Installing object_xyz_marker script to /home/mi/rokey_ws/install/rokey_pjt/lib/rokey_pjt
[0.676s] Installing tf_trans script to /home/mi/rokey_ws/install/rokey_pjt/lib/rokey_pjt
[0.676s] Installing yolo_depth_checker script to /home/mi/rokey_ws/install/rokey_pjt/lib/rokey_pjt
[0.677s] writing list of installed files to '/home/mi/rokey_ws/build/rokey_pjt/install.log'
[0.707s] Invoked command in '/home/mi/rokey_ws/src/rokey_pjt' returned '0': PYTHONPATH=/home/mi/rokey_ws/build/rokey_pjt/prefix_override:/usr/lib/python3/dist-packages/colcon_core/task/python/colcon_distutils_commands:/home/mi/rokey_ws/install/rokey_pjt/lib/python3.10/site-packages:${PYTHONPATH} /usr/bin/python3 -W ignore:setup.py install is deprecated -W ignore:easy_install command is deprecated setup.py egg_info --egg-base ../../build/rokey_pjt build --build-base /home/mi/rokey_ws/build/rokey_pjt/build install --record /home/mi/rokey_ws/build/rokey_pjt/install.log --single-version-externally-managed install_data
