[0.524s] Invoking command in '/home/mi/rokey_ws/src/gazebo_nav': PYTHONPATH=/home/mi/rokey_ws/build/gazebo_nav/prefix_override:/usr/lib/python3/dist-packages/colcon_core/task/python/colcon_distutils_commands:/home/mi/rokey_ws/install/gazebo_nav/lib/python3.10/site-packages:${PYTHONPATH} /usr/bin/python3 -W ignore:setup.py install is deprecated -W ignore:easy_install command is deprecated setup.py egg_info --egg-base ../../build/gazebo_nav build --build-base /home/mi/rokey_ws/build/gazebo_nav/build install --record /home/mi/rokey_ws/build/gazebo_nav/install.log --single-version-externally-managed install_data
[0.735s] running egg_info
[0.736s] writing ../../build/gazebo_nav/gazebo_nav.egg-info/PKG-INFO
[0.736s] writing dependency_links to ../../build/gazebo_nav/gazebo_nav.egg-info/dependency_links.txt
[0.736s] writing entry points to ../../build/gazebo_nav/gazebo_nav.egg-info/entry_points.txt
[0.737s] writing requirements to ../../build/gazebo_nav/gazebo_nav.egg-info/requires.txt
[0.737s] writing top-level names to ../../build/gazebo_nav/gazebo_nav.egg-info/top_level.txt
[0.739s] reading manifest file '../../build/gazebo_nav/gazebo_nav.egg-info/SOURCES.txt'
[0.739s] adding license file 'LICENSE'
[0.740s] writing manifest file '../../build/gazebo_nav/gazebo_nav.egg-info/SOURCES.txt'
[0.740s] running build
[0.740s] running build_py
[0.740s] copying gazebo_nav/obj_goal_pose_publisher.py -> /home/mi/rokey_ws/build/gazebo_nav/build/lib/gazebo_nav
[0.741s] copying gazebo_nav/obj_goal_pose_publisher copy.py -> /home/mi/rokey_ws/build/gazebo_nav/build/lib/gazebo_nav
[0.741s] running install
[0.742s] running install_lib
[0.743s] copying /home/mi/rokey_ws/build/gazebo_nav/build/lib/gazebo_nav/obj_goal_pose_publisher.py -> /home/mi/rokey_ws/install/gazebo_nav/lib/python3.10/site-packages/gazebo_nav
[0.743s] copying /home/mi/rokey_ws/build/gazebo_nav/build/lib/gazebo_nav/obj_goal_pose_publisher copy.py -> /home/mi/rokey_ws/install/gazebo_nav/lib/python3.10/site-packages/gazebo_nav
[0.744s] byte-compiling /home/mi/rokey_ws/install/gazebo_nav/lib/python3.10/site-packages/gazebo_nav/obj_goal_pose_publisher.py to obj_goal_pose_publisher.cpython-310.pyc
[0.746s] byte-compiling /home/mi/rokey_ws/install/gazebo_nav/lib/python3.10/site-packages/gazebo_nav/obj_goal_pose_publisher copy.py to obj_goal_pose_publisher copy.cpython-310.pyc
[0.748s] running install_data
[0.748s] running install_egg_info
[0.750s] removing '/home/mi/rokey_ws/install/gazebo_nav/lib/python3.10/site-packages/gazebo_nav-0.0.0-py3.10.egg-info' (and everything under it)
[0.750s] Copying ../../build/gazebo_nav/gazebo_nav.egg-info to /home/mi/rokey_ws/install/gazebo_nav/lib/python3.10/site-packages/gazebo_nav-0.0.0-py3.10.egg-info
[0.751s] running install_scripts
[0.771s] Installing current_pose script to /home/mi/rokey_ws/install/gazebo_nav/lib/gazebo_nav
[0.771s] Installing follow_waypoints script to /home/mi/rokey_ws/install/gazebo_nav/lib/gazebo_nav
[0.771s] Installing goal_pub script to /home/mi/rokey_ws/install/gazebo_nav/lib/gazebo_nav
[0.771s] Installing goal_sub script to /home/mi/rokey_ws/install/gazebo_nav/lib/gazebo_nav
[0.771s] Installing nav_through_poses script to /home/mi/rokey_ws/install/gazebo_nav/lib/gazebo_nav
[0.772s] Installing nav_to_pose script to /home/mi/rokey_ws/install/gazebo_nav/lib/gazebo_nav
[0.772s] writing list of installed files to '/home/mi/rokey_ws/build/gazebo_nav/install.log'
[0.813s] Invoked command in '/home/mi/rokey_ws/src/gazebo_nav' returned '0': PYTHONPATH=/home/mi/rokey_ws/build/gazebo_nav/prefix_override:/usr/lib/python3/dist-packages/colcon_core/task/python/colcon_distutils_commands:/home/mi/rokey_ws/install/gazebo_nav/lib/python3.10/site-packages:${PYTHONPATH} /usr/bin/python3 -W ignore:setup.py install is deprecated -W ignore:easy_install command is deprecated setup.py egg_info --egg-base ../../build/gazebo_nav build --build-base /home/mi/rokey_ws/build/gazebo_nav/build install --record /home/mi/rokey_ws/build/gazebo_nav/install.log --single-version-externally-managed install_data
